{"level":"info","message":"Mon Feb 23 2026 15:50:33 GMT+0530 (India Standard Time)","timestamp":"2026-02-23T10:20:33.389Z"}
{"level":"info","message":"Mon Feb 23 2026 15:51:21 GMT+0530 (India Standard Time)","timestamp":"2026-02-23T10:21:21.711Z"}
{"level":"info","message":"listening on port 8082","timestamp":"2026-02-23T10:23:56.791Z"}
{"level":"info","message":"listening on port 8082","timestamp":"2026-02-23T10:24:09.985Z"}
{"level":"info","message":"cron starting","timestamp":"2026-02-23T10:24:43.759Z"}
{"level":"info","message":"cron added","timestamp":"2026-02-23T10:24:43.784Z"}
{"level":"info","message":"listening on port 8082","timestamp":"2026-02-23T10:24:43.787Z"}
{"level":"info","message":"cron starting","timestamp":"2026-02-23T10:25:13.114Z"}
{"level":"info","message":"cron added","timestamp":"2026-02-23T10:25:13.129Z"}
{"level":"info","message":"listening on port 8082","timestamp":"2026-02-23T10:25:13.133Z"}
{"level":"info","message":"Connected to Redis!","timestamp":"2026-02-23T10:25:13.244Z"}
{"level":"info","message":"cron starting","timestamp":"2026-02-23T10:25:37.621Z"}
{"level":"info","message":"cron added","timestamp":"2026-02-23T10:25:37.636Z"}
{"level":"info","message":"listening on port 8082","timestamp":"2026-02-23T10:25:37.641Z"}
{"level":"info","message":"Connected to Redis!","timestamp":"2026-02-23T10:25:37.672Z"}
{"level":"info","message":"cron starting","timestamp":"2026-02-23T10:26:26.469Z"}
{"level":"info","message":"cron added","timestamp":"2026-02-23T10:26:26.482Z"}
{"level":"info","message":"listening on port 8082","timestamp":"2026-02-23T10:26:26.486Z"}
{"level":"info","message":"Connected to Redis!","timestamp":"2026-02-23T10:26:26.521Z"}
{"level":"info","message":"Connected to MongoDB","timestamp":"2026-02-23T10:26:27.122Z"}
{"level":"info","message":"cron starting","timestamp":"2026-02-23T10:26:42.848Z"}
{"level":"info","message":"cron added","timestamp":"2026-02-23T10:26:42.859Z"}
{"level":"info","message":"listening on port 8082","timestamp":"2026-02-23T10:26:42.862Z"}
{"level":"info","message":"Connected to Redis!","timestamp":"2026-02-23T10:26:42.893Z"}
{"level":"info","message":"Connected to MongoDB","timestamp":"2026-02-23T10:27:05.283Z"}
{"level":"info","message":"cron starting","timestamp":"2026-02-23T10:27:17.285Z"}
{"level":"info","message":"cron added","timestamp":"2026-02-23T10:27:17.291Z"}
{"level":"info","message":"listening on port 8082","timestamp":"2026-02-23T10:27:17.292Z"}
{"level":"info","message":"Connected to Redis!","timestamp":"2026-02-23T10:27:17.309Z"}
{"level":"info","message":"Connected to MongoDB","timestamp":"2026-02-23T10:27:17.882Z"}
{"level":"info","message":"cron starting","timestamp":"2026-02-23T10:27:29.095Z"}
{"level":"info","message":"cron added","timestamp":"2026-02-23T10:27:29.101Z"}
{"level":"info","message":"listening on port 8082","timestamp":"2026-02-23T10:27:29.103Z"}
{"level":"info","message":"cron starting","timestamp":"2026-02-23T10:27:36.629Z"}
{"level":"info","message":"cron added","timestamp":"2026-02-23T10:27:36.636Z"}
{"level":"info","message":"listening on port 8082","timestamp":"2026-02-23T10:27:36.637Z"}
{"level":"info","message":"Connected to Redis!","timestamp":"2026-02-23T10:27:36.651Z"}
{"level":"info","message":"Connected to MongoDB","timestamp":"2026-02-23T10:27:37.250Z"}
{"level":"info","message":"cron starting","timestamp":"2026-02-23T10:28:18.029Z"}
{"level":"info","message":"cron added","timestamp":"2026-02-23T10:28:18.035Z"}
{"level":"info","message":"listening on port 8082","timestamp":"2026-02-23T10:28:18.038Z"}
{"level":"info","message":"Connected to Redis!","timestamp":"2026-02-23T10:28:18.053Z"}
{"level":"info","message":"Connected to MongoDB","timestamp":"2026-02-23T10:28:18.627Z"}
{"level":"info","message":"cron starting","timestamp":"2026-02-23T10:28:23.083Z"}
{"level":"info","message":"cron added","timestamp":"2026-02-23T10:28:23.089Z"}
{"level":"info","message":"listening on port 8082","timestamp":"2026-02-23T10:28:23.091Z"}
{"level":"info","message":"Connected to Redis!","timestamp":"2026-02-23T10:28:23.105Z"}
{"level":"error","message":"Unhandled Rejection: logger.errpr is not a function","stack":"TypeError: logger.errpr is not a function\n    at connectDatabase (file:///C:/Users/HP/Desktop/new_app/ev_homes_backend/src/config/database.js:12:12)\n    at process.processTicksAndRejections (node:internal/process/task_queues:95:5)","timestamp":"2026-02-23T10:28:44.668Z"}
{"level":"info","message":"cron starting","timestamp":"2026-02-23T10:29:25.976Z"}
{"level":"info","message":"cron added","timestamp":"2026-02-23T10:29:25.982Z"}
{"level":"info","message":"listening on port 8082","timestamp":"2026-02-23T10:29:25.983Z"}
{"level":"info","message":"Connected to MongoDB","timestamp":"2026-02-23T10:29:26.586Z"}
{"level":"info","message":"Connected to Redis!","timestamp":"2026-02-23T10:29:36.054Z"}
{"level":"info","message":"cron starting","timestamp":"2026-02-23T10:29:43.608Z"}
{"level":"info","message":"cron added","timestamp":"2026-02-23T10:29:43.614Z"}
{"level":"info","message":"listening on port 8082","timestamp":"2026-02-23T10:29:43.615Z"}
{"level":"info","message":"Connected to Redis!","timestamp":"2026-02-23T10:29:43.627Z"}
{"level":"info","message":"Connected to MongoDB","timestamp":"2026-02-23T10:29:44.210Z"}
{"level":"info","message":"cron starting","timestamp":"2026-02-23T10:30:01.859Z"}
{"level":"info","message":"cron added","timestamp":"2026-02-23T10:30:01.866Z"}
{"level":"info","message":"listening on port 8082","timestamp":"2026-02-23T10:30:01.867Z"}
{"level":"info","message":"Connected to Redis!","timestamp":"2026-02-23T10:30:01.880Z"}
{"level":"error","message":"Unhandled Rejection: logger.errpr is not a function","stack":"TypeError: logger.errpr is not a function\n    at connectDatabase (file:///C:/Users/HP/Desktop/new_app/ev_homes_backend/src/config/database.js:12:12)\n    at process.processTicksAndRejections (node:internal/process/task_queues:95:5)","timestamp":"2026-02-23T10:30:23.442Z"}
{"level":"info","message":"cron starting","timestamp":"2026-02-23T10:31:09.725Z"}
{"level":"info","message":"cron added","timestamp":"2026-02-23T10:31:09.731Z"}
{"level":"info","message":"listening on port 8082","timestamp":"2026-02-23T10:31:09.733Z"}
{"level":"info","message":"Connected to Redis!","timestamp":"2026-02-23T10:31:09.747Z"}
{"level":"info","message":"cron starting","timestamp":"2026-02-23T10:31:24.031Z"}
{"level":"info","message":"cron added","timestamp":"2026-02-23T10:31:24.037Z"}
{"level":"info","message":"listening on port 8082","timestamp":"2026-02-23T10:31:24.038Z"}
{"level":"info","message":"Connected to MongoDB","timestamp":"2026-02-23T10:31:24.630Z"}
{"level":"info","message":"Connected to Redis!","timestamp":"2026-02-23T10:31:34.124Z"}
{"level":"info","message":"cron starting","timestamp":"2026-02-23T10:31:40.309Z"}
{"level":"info","message":"cron added","timestamp":"2026-02-23T10:31:40.315Z"}
{"level":"info","message":"listening on port 8082","timestamp":"2026-02-23T10:31:40.317Z"}
{"level":"info","message":"Connected to Redis!","timestamp":"2026-02-23T10:31:40.330Z"}
{"level":"info","message":"Connected to MongoDB","timestamp":"2026-02-23T10:31:40.896Z"}
{"level":"info","message":"cron starting","timestamp":"2026-02-23T10:31:52.654Z"}
{"level":"info","message":"cron added","timestamp":"2026-02-23T10:31:52.660Z"}
{"level":"info","message":"listening on port 8082","timestamp":"2026-02-23T10:31:52.663Z"}
{"level":"info","message":"Connected to MongoDB","timestamp":"2026-02-23T10:31:53.268Z"}
{"level":"info","message":"cron starting","timestamp":"2026-02-23T10:32:04.142Z"}
{"level":"info","message":"cron added","timestamp":"2026-02-23T10:32:04.149Z"}
{"level":"info","message":"listening on port 8082","timestamp":"2026-02-23T10:32:04.150Z"}
{"level":"info","message":"Connected to Redis!","timestamp":"2026-02-23T10:32:04.162Z"}
{"level":"info","message":"Connected to MongoDB","timestamp":"2026-02-23T10:32:04.734Z"}
{"level":"info","message":"cron starting","timestamp":"2026-02-23T10:32:11.405Z"}
{"level":"info","message":"cron added","timestamp":"2026-02-23T10:32:11.411Z"}
{"level":"info","message":"listening on port 8082","timestamp":"2026-02-23T10:32:11.413Z"}
{"level":"info","message":"Connected to Redis!","timestamp":"2026-02-23T10:32:11.427Z"}
{"level":"info","message":"cron starting","timestamp":"2026-02-23T10:32:14.848Z"}
{"level":"info","message":"cron added","timestamp":"2026-02-23T10:32:14.854Z"}
{"level":"info","message":"listening on port 8082","timestamp":"2026-02-23T10:32:14.856Z"}
{"level":"info","message":"Connected to Redis!","timestamp":"2026-02-23T10:32:14.868Z"}
{"level":"info","message":"Connected to MongoDB","timestamp":"2026-02-23T10:32:15.446Z"}
{"level":"info","message":"cron starting","timestamp":"2026-02-23T10:32:26.947Z"}
{"level":"info","message":"cron added","timestamp":"2026-02-23T10:32:26.953Z"}
{"level":"info","message":"listening on port 8082","timestamp":"2026-02-23T10:32:26.955Z"}
{"level":"info","message":"Connected to Redis!","timestamp":"2026-02-23T10:32:26.973Z"}
{"level":"info","message":"Connected to MongoDB","timestamp":"2026-02-23T10:32:27.543Z"}
{"level":"info","message":"cron starting","timestamp":"2026-02-23T10:32:53.038Z"}
{"level":"info","message":"cron added","timestamp":"2026-02-23T10:32:53.047Z"}
{"level":"info","message":"listening on port 8082","timestamp":"2026-02-23T10:32:53.049Z"}
{"level":"info","message":"Connected to Redis!","timestamp":"2026-02-23T10:32:53.063Z"}
{"level":"info","message":"Connected to MongoDB","timestamp":"2026-02-23T10:32:53.646Z"}
{"level":"info","message":"cron starting","timestamp":"2026-02-23T10:33:05.058Z"}
{"level":"info","message":"cron added","timestamp":"2026-02-23T10:33:05.064Z"}
{"level":"info","message":"listening on port 8082","timestamp":"2026-02-23T10:33:05.066Z"}
{"level":"info","message":"Connected to Redis!","timestamp":"2026-02-23T10:33:05.081Z"}
{"level":"info","message":"Connected to MongoDB","timestamp":"2026-02-23T10:33:05.654Z"}
{"level":"info","message":"cron starting","timestamp":"2026-02-23T10:33:54.517Z"}
{"level":"info","message":"cron added","timestamp":"2026-02-23T10:33:54.524Z"}
{"level":"info","message":"listening on port 8082","timestamp":"2026-02-23T10:33:54.526Z"}
{"level":"info","message":"Connected to Redis!","timestamp":"2026-02-23T10:33:54.538Z"}
{"level":"info","message":"cron starting","timestamp":"2026-02-23T10:33:58.563Z"}
{"level":"info","message":"cron added","timestamp":"2026-02-23T10:33:58.569Z"}
{"level":"info","message":"listening on port 8082","timestamp":"2026-02-23T10:33:58.571Z"}
{"level":"info","message":"Connected to Redis!","timestamp":"2026-02-23T10:33:58.584Z"}
{"level":"info","message":"Connected to MongoDB","timestamp":"2026-02-23T10:34:20.990Z"}
{"level":"info","message":"cron starting","timestamp":"2026-02-23T10:34:24.910Z"}
{"level":"info","message":"cron added","timestamp":"2026-02-23T10:34:24.916Z"}
{"level":"info","message":"listening on port 8082","timestamp":"2026-02-23T10:34:24.918Z"}
{"level":"info","message":"Connected to Redis!","timestamp":"2026-02-23T10:34:24.930Z"}
{"level":"info","message":"Connected to MongoDB","timestamp":"2026-02-23T10:34:25.507Z"}
{"level":"info","message":"cron starting","timestamp":"2026-02-23T10:34:32.158Z"}
{"level":"info","message":"cron added","timestamp":"2026-02-23T10:34:32.165Z"}
{"level":"info","message":"listening on port 8082","timestamp":"2026-02-23T10:34:32.167Z"}
{"level":"info","message":"Connected to Redis!","timestamp":"2026-02-23T10:34:32.181Z"}
{"level":"info","message":"cron starting","timestamp":"2026-02-23T10:34:40.987Z"}
{"level":"info","message":"cron added","timestamp":"2026-02-23T10:34:40.996Z"}
{"level":"info","message":"listening on port 8082","timestamp":"2026-02-23T10:34:40.998Z"}
{"level":"info","message":"Connected to Redis!","timestamp":"2026-02-23T10:34:41.015Z"}
{"level":"info","message":"Connected to MongoDB","timestamp":"2026-02-23T10:34:41.594Z"}
{"level":"info","message":"cron starting","timestamp":"2026-02-23T10:34:52.073Z"}
{"level":"info","message":"cron added","timestamp":"2026-02-23T10:34:52.079Z"}
{"level":"info","message":"listening on port 8082","timestamp":"2026-02-23T10:34:52.081Z"}
{"level":"info","message":"Connected to MongoDB","timestamp":"2026-02-23T10:34:52.663Z"}
{"level":"info","message":"cron starting","timestamp":"2026-02-23T10:34:59.156Z"}
{"level":"info","message":"cron added","timestamp":"2026-02-23T10:34:59.162Z"}
{"level":"info","message":"listening on port 8082","timestamp":"2026-02-23T10:34:59.164Z"}
{"level":"info","message":"Connected to Redis!","timestamp":"2026-02-23T10:34:59.178Z"}
{"level":"info","message":"Connected to MongoDB","timestamp":"2026-02-23T10:34:59.749Z"}
{"level":"info","message":"cron starting","timestamp":"2026-02-23T10:35:15.358Z"}
{"level":"info","message":"cron added","timestamp":"2026-02-23T10:35:15.368Z"}
{"level":"info","message":"listening on port 8082","timestamp":"2026-02-23T10:35:15.370Z"}
{"level":"info","message":"Connected to Redis!","timestamp":"2026-02-23T10:35:15.382Z"}
{"level":"info","message":"Connected to MongoDB","timestamp":"2026-02-23T10:35:15.957Z"}
{"level":"info","message":"cron starting","timestamp":"2026-02-23T10:35:30.049Z"}
{"level":"info","message":"cron added","timestamp":"2026-02-23T10:35:30.056Z"}
{"level":"info","message":"listening on port 8082","timestamp":"2026-02-23T10:35:30.059Z"}
{"level":"info","message":"Connected to Redis!","timestamp":"2026-02-23T10:35:30.075Z"}
{"level":"info","message":"cron starting","timestamp":"2026-02-23T10:35:34.296Z"}
{"level":"info","message":"cron added","timestamp":"2026-02-23T10:35:34.302Z"}
{"level":"info","message":"listening on port 8082","timestamp":"2026-02-23T10:35:34.304Z"}
{"level":"info","message":"Connected to Redis!","timestamp":"2026-02-23T10:35:34.333Z"}
{"level":"info","message":"cron starting","timestamp":"2026-02-23T10:35:40.498Z"}
{"level":"info","message":"cron added","timestamp":"2026-02-23T10:35:40.504Z"}
{"level":"info","message":"listening on port 8082","timestamp":"2026-02-23T10:35:40.506Z"}
{"level":"info","message":"Connected to Redis!","timestamp":"2026-02-23T10:35:40.526Z"}
{"level":"info","message":"Connected to MongoDB","timestamp":"2026-02-23T10:35:41.158Z"}
{"level":"info","message":"cron starting","timestamp":"2026-02-23T10:35:52.114Z"}
{"level":"info","message":"cron added","timestamp":"2026-02-23T10:35:52.120Z"}
{"level":"info","message":"listening on port 8082","timestamp":"2026-02-23T10:35:52.122Z"}
{"level":"info","message":"Connected to Redis!","timestamp":"2026-02-23T10:35:52.134Z"}
{"level":"info","message":"Connected to MongoDB","timestamp":"2026-02-23T10:35:52.708Z"}
{"level":"info","message":"cron starting","timestamp":"2026-02-23T10:35:57.407Z"}
{"level":"info","message":"cron added","timestamp":"2026-02-23T10:35:57.414Z"}
{"level":"info","message":"listening on port 8082","timestamp":"2026-02-23T10:35:57.415Z"}
{"level":"info","message":"Connected to Redis!","timestamp":"2026-02-23T10:35:57.427Z"}
{"level":"info","message":"Connected to MongoDB","timestamp":"2026-02-23T10:35:57.999Z"}
{"level":"info","message":"cron starting","timestamp":"2026-02-23T10:36:09.285Z"}
{"level":"info","message":"cron added","timestamp":"2026-02-23T10:36:09.291Z"}
{"level":"info","message":"listening on port 8082","timestamp":"2026-02-23T10:36:09.293Z"}
{"level":"info","message":"Connected to Redis!","timestamp":"2026-02-23T10:36:09.305Z"}
{"level":"info","message":"cron starting","timestamp":"2026-02-23T10:36:23.486Z"}
{"level":"info","message":"cron added","timestamp":"2026-02-23T10:36:23.493Z"}
{"level":"info","message":"listening on port 8082","timestamp":"2026-02-23T10:36:23.494Z"}
{"level":"info","message":"Connected to Redis!","timestamp":"2026-02-23T10:36:23.507Z"}
{"level":"info","message":"Connected to MongoDB","timestamp":"2026-02-23T10:36:24.075Z"}
{"level":"info","message":"cron starting","timestamp":"2026-02-23T10:36:55.878Z"}
{"level":"info","message":"cron added","timestamp":"2026-02-23T10:36:55.884Z"}
{"level":"info","message":"listening on port 8082","timestamp":"2026-02-23T10:36:55.886Z"}
{"level":"info","message":"Connected to Redis!","timestamp":"2026-02-23T10:36:55.898Z"}
{"level":"info","message":"cron starting","timestamp":"2026-02-23T10:36:59.039Z"}
{"level":"info","message":"cron added","timestamp":"2026-02-23T10:36:59.045Z"}
{"level":"info","message":"listening on port 8082","timestamp":"2026-02-23T10:36:59.046Z"}
{"level":"info","message":"Connected to Redis!","timestamp":"2026-02-23T10:36:59.079Z"}
{"level":"info","message":"cron starting","timestamp":"2026-02-23T10:37:02.127Z"}
{"level":"info","message":"cron added","timestamp":"2026-02-23T10:37:02.133Z"}
{"level":"info","message":"listening on port 8082","timestamp":"2026-02-23T10:37:02.135Z"}
{"level":"info","message":"Connected to Redis!","timestamp":"2026-02-23T10:37:02.166Z"}
{"level":"info","message":"cron starting","timestamp":"2026-02-23T10:37:05.279Z"}
{"level":"info","message":"cron added","timestamp":"2026-02-23T10:37:05.286Z"}
{"level":"info","message":"listening on port 8082","timestamp":"2026-02-23T10:37:05.288Z"}
{"level":"info","message":"cron starting","timestamp":"2026-02-23T10:37:14.545Z"}
{"level":"info","message":"cron added","timestamp":"2026-02-23T10:37:14.551Z"}
{"level":"info","message":"listening on port 8082","timestamp":"2026-02-23T10:37:14.552Z"}
{"level":"info","message":"Connected to Redis!","timestamp":"2026-02-23T10:37:14.564Z"}
{"level":"info","message":"Connected to MongoDB","timestamp":"2026-02-23T10:37:15.134Z"}
{"level":"info","message":"cron starting","timestamp":"2026-02-23T10:37:27.939Z"}
{"level":"info","message":"cron added","timestamp":"2026-02-23T10:37:27.946Z"}
{"level":"info","message":"listening on port 8082","timestamp":"2026-02-23T10:37:27.947Z"}
{"level":"info","message":"Connected to Redis!","timestamp":"2026-02-23T10:37:27.961Z"}
{"level":"info","message":"Connected to MongoDB","timestamp":"2026-02-23T10:37:50.304Z"}
{"level":"info","message":"cron starting","timestamp":"2026-02-23T10:38:14.174Z"}
{"level":"info","message":"cron added","timestamp":"2026-02-23T10:38:14.181Z"}
{"level":"info","message":"listening on port 8082","timestamp":"2026-02-23T10:38:14.182Z"}
{"level":"info","message":"Connected to Redis!","timestamp":"2026-02-23T10:38:14.201Z"}
{"level":"info","message":"cron starting","timestamp":"2026-02-23T10:38:20.108Z"}
{"level":"info","message":"cron added","timestamp":"2026-02-23T10:38:20.114Z"}
{"level":"info","message":"listening on port 8082","timestamp":"2026-02-23T10:38:20.115Z"}
{"level":"info","message":"Connected to MongoDB","timestamp":"2026-02-23T10:38:20.686Z"}
{"level":"info","message":"Connected to Redis!","timestamp":"2026-02-23T10:38:30.195Z"}
{"level":"info","message":"cron starting","timestamp":"2026-02-23T10:38:34.169Z"}
{"level":"info","message":"cron added","timestamp":"2026-02-23T10:38:34.175Z"}
{"level":"info","message":"listening on port 8082","timestamp":"2026-02-23T10:38:34.177Z"}
{"level":"info","message":"Connected to Redis!","timestamp":"2026-02-23T10:38:34.189Z"}
{"level":"info","message":"Connected to MongoDB","timestamp":"2026-02-23T10:38:56.573Z"}
{"level":"info","message":"cron starting","timestamp":"2026-02-23T10:39:01.833Z"}
{"level":"info","message":"cron added","timestamp":"2026-02-23T10:39:01.841Z"}
{"level":"info","message":"listening on port 8082","timestamp":"2026-02-23T10:39:01.843Z"}
{"level":"info","message":"Connected to Redis!","timestamp":"2026-02-23T10:39:01.858Z"}
{"level":"info","message":"cron starting","timestamp":"2026-02-23T10:39:10.416Z"}
{"level":"info","message":"cron added","timestamp":"2026-02-23T10:39:10.422Z"}
{"level":"info","message":"listening on port 8082","timestamp":"2026-02-23T10:39:10.424Z"}
{"level":"info","message":"Connected to Redis!","timestamp":"2026-02-23T10:39:10.437Z"}
{"level":"info","message":"cron starting","timestamp":"2026-02-23T10:39:28.918Z"}
{"level":"info","message":"cron added","timestamp":"2026-02-23T10:39:28.924Z"}
{"level":"info","message":"listening on port 8082","timestamp":"2026-02-23T10:39:28.926Z"}
{"level":"info","message":"Connected to Redis!","timestamp":"2026-02-23T10:39:28.940Z"}
{"level":"info","message":"Connected to MongoDB","timestamp":"2026-02-23T10:39:29.506Z"}
{"level":"info","message":"cron starting","timestamp":"2026-02-23T10:39:43.098Z"}
{"level":"info","message":"cron added","timestamp":"2026-02-23T10:39:43.104Z"}
{"level":"info","message":"listening on port 8082","timestamp":"2026-02-23T10:39:43.106Z"}
{"level":"info","message":"Connected to Redis!","timestamp":"2026-02-23T10:39:43.120Z"}
{"level":"info","message":"Connected to MongoDB","timestamp":"2026-02-23T10:40:05.523Z"}
{"level":"info","message":"cron starting","timestamp":"2026-02-23T10:40:33.947Z"}
{"level":"info","message":"cron added","timestamp":"2026-02-23T10:40:33.953Z"}
{"level":"info","message":"listening on port 8082","timestamp":"2026-02-23T10:40:33.955Z"}
{"level":"info","message":"Connected to Redis!","timestamp":"2026-02-23T10:40:33.970Z"}
{"level":"info","message":"cron starting","timestamp":"2026-02-23T10:40:37.991Z"}
{"level":"info","message":"cron added","timestamp":"2026-02-23T10:40:37.997Z"}
{"level":"info","message":"listening on port 8082","timestamp":"2026-02-23T10:40:37.998Z"}
{"level":"info","message":"Connected to Redis!","timestamp":"2026-02-23T10:40:38.011Z"}
{"level":"info","message":"cron starting","timestamp":"2026-02-23T10:40:46.714Z"}
{"level":"info","message":"cron added","timestamp":"2026-02-23T10:40:46.720Z"}
{"level":"info","message":"listening on port 8082","timestamp":"2026-02-23T10:40:46.721Z"}
{"level":"info","message":"Connected to Redis!","timestamp":"2026-02-23T10:40:46.734Z"}
{"level":"info","message":"cron starting","timestamp":"2026-02-23T10:41:00.287Z"}
{"level":"info","message":"cron added","timestamp":"2026-02-23T10:41:00.293Z"}
{"level":"info","message":"listening on port 8082","timestamp":"2026-02-23T10:41:00.294Z"}
{"level":"info","message":"Connected to Redis!","timestamp":"2026-02-23T10:41:00.308Z"}
{"level":"info","message":"cron starting","timestamp":"2026-02-23T10:41:07.032Z"}
{"level":"info","message":"cron added","timestamp":"2026-02-23T10:41:07.038Z"}
{"level":"info","message":"listening on port 8082","timestamp":"2026-02-23T10:41:07.040Z"}
{"level":"info","message":"Connected to Redis!","timestamp":"2026-02-23T10:41:07.052Z"}
{"level":"info","message":"Connected to MongoDB","timestamp":"2026-02-23T10:41:07.621Z"}
{"level":"info","message":"cron starting","timestamp":"2026-02-23T10:41:23.970Z"}
{"level":"info","message":"cron added","timestamp":"2026-02-23T10:41:23.976Z"}
{"level":"info","message":"listening on port 8082","timestamp":"2026-02-23T10:41:23.978Z"}
{"level":"info","message":"Connected to Redis!","timestamp":"2026-02-23T10:41:23.997Z"}
{"level":"info","message":"cron starting","timestamp":"2026-02-23T10:41:33.333Z"}
{"level":"info","message":"cron added","timestamp":"2026-02-23T10:41:33.342Z"}
{"level":"info","message":"listening on port 8082","timestamp":"2026-02-23T10:41:33.344Z"}
{"level":"info","message":"Connected to Redis!","timestamp":"2026-02-23T10:41:33.355Z"}
{"level":"info","message":"cron starting","timestamp":"2026-02-23T10:41:46.758Z"}
{"level":"info","message":"cron added","timestamp":"2026-02-23T10:41:46.769Z"}
{"level":"info","message":"listening on port 8082","timestamp":"2026-02-23T10:41:46.771Z"}
{"level":"info","message":"Connected to Redis!","timestamp":"2026-02-23T10:41:46.785Z"}
{"level":"info","message":"Connected to MongoDB","timestamp":"2026-02-23T10:41:47.361Z"}
{"level":"info","message":"cron starting","timestamp":"2026-02-23T10:41:51.161Z"}
{"level":"info","message":"cron added","timestamp":"2026-02-23T10:41:51.168Z"}
{"level":"info","message":"listening on port 8082","timestamp":"2026-02-23T10:41:51.169Z"}
{"level":"info","message":"Connected to Redis!","timestamp":"2026-02-23T10:41:51.185Z"}
{"level":"info","message":"cron starting","timestamp":"2026-02-23T10:42:05.920Z"}
{"level":"info","message":"cron added","timestamp":"2026-02-23T10:42:05.927Z"}
{"level":"info","message":"listening on port 8082","timestamp":"2026-02-23T10:42:05.928Z"}
{"level":"info","message":"Connected to MongoDB","timestamp":"2026-02-23T10:42:06.508Z"}
{"level":"info","message":"cron starting","timestamp":"2026-02-23T10:42:12.163Z"}
{"level":"info","message":"cron added","timestamp":"2026-02-23T10:42:12.172Z"}
{"level":"info","message":"listening on port 8082","timestamp":"2026-02-23T10:42:12.174Z"}
{"level":"info","message":"Connected to MongoDB","timestamp":"2026-02-23T10:42:12.744Z"}
{"level":"info","message":"cron starting","timestamp":"2026-02-23T10:42:21.552Z"}
{"level":"info","message":"cron added","timestamp":"2026-02-23T10:42:21.558Z"}
{"level":"info","message":"listening on port 8082","timestamp":"2026-02-23T10:42:21.560Z"}
{"level":"info","message":"Connected to Redis!","timestamp":"2026-02-23T10:42:21.574Z"}
{"level":"info","message":"Connected to MongoDB","timestamp":"2026-02-23T10:42:22.156Z"}
{"level":"info","message":"cron starting","timestamp":"2026-02-23T10:43:05.262Z"}
{"level":"info","message":"cron added","timestamp":"2026-02-23T10:43:05.268Z"}
{"level":"info","message":"listening on port 8082","timestamp":"2026-02-23T10:43:05.270Z"}
{"level":"info","message":"Connected to Redis!","timestamp":"2026-02-23T10:43:05.282Z"}
{"level":"info","message":"Connected to MongoDB","timestamp":"2026-02-23T10:43:05.857Z"}
{"level":"info","message":"cron starting","timestamp":"2026-02-23T10:43:34.406Z"}
{"level":"info","message":"cron added","timestamp":"2026-02-23T10:43:34.412Z"}
{"level":"info","message":"listening on port 8082","timestamp":"2026-02-23T10:43:34.415Z"}
{"level":"info","message":"Connected to Redis!","timestamp":"2026-02-23T10:43:34.431Z"}
{"level":"info","message":"cron starting","timestamp":"2026-02-23T10:43:38.040Z"}
{"level":"info","message":"cron added","timestamp":"2026-02-23T10:43:38.049Z"}
{"level":"info","message":"listening on port 8082","timestamp":"2026-02-23T10:43:38.051Z"}
{"level":"info","message":"Connected to Redis!","timestamp":"2026-02-23T10:43:38.069Z"}
{"level":"info","message":"cron starting","timestamp":"2026-02-23T10:43:51.476Z"}
{"level":"info","message":"cron added","timestamp":"2026-02-23T10:43:51.482Z"}
{"level":"info","message":"listening on port 8082","timestamp":"2026-02-23T10:43:51.484Z"}
{"level":"info","message":"Connected to Redis!","timestamp":"2026-02-23T10:43:51.497Z"}
{"level":"info","message":"cron starting","timestamp":"2026-02-23T10:44:10.427Z"}
{"level":"info","message":"cron added","timestamp":"2026-02-23T10:44:10.433Z"}
{"level":"info","message":"listening on port 8082","timestamp":"2026-02-23T10:44:10.435Z"}
{"level":"info","message":"Connected to Redis!","timestamp":"2026-02-23T10:44:10.459Z"}
{"level":"info","message":"Connected to MongoDB","timestamp":"2026-02-23T10:44:11.022Z"}
{"level":"info","message":"cron starting","timestamp":"2026-02-23T10:44:24.315Z"}
{"level":"info","message":"cron added","timestamp":"2026-02-23T10:44:24.321Z"}
{"level":"info","message":"listening on port 8082","timestamp":"2026-02-23T10:44:24.323Z"}
{"level":"info","message":"Connected to Redis!","timestamp":"2026-02-23T10:44:24.353Z"}
{"level":"info","message":"Connected to MongoDB","timestamp":"2026-02-23T10:44:24.914Z"}
{"level":"info","message":"cron starting","timestamp":"2026-02-23T10:44:41.529Z"}
{"level":"info","message":"cron added","timestamp":"2026-02-23T10:44:41.535Z"}
{"level":"info","message":"listening on port 8082","timestamp":"2026-02-23T10:44:41.537Z"}
{"level":"info","message":"Connected to Redis!","timestamp":"2026-02-23T10:44:41.559Z"}
{"level":"info","message":"Connected to MongoDB","timestamp":"2026-02-23T10:44:42.139Z"}
{"level":"info","message":"cron starting","timestamp":"2026-02-23T10:44:47.937Z"}
{"level":"info","message":"cron added","timestamp":"2026-02-23T10:44:47.944Z"}
{"level":"info","message":"listening on port 8082","timestamp":"2026-02-23T10:44:47.946Z"}
{"level":"info","message":"Connected to MongoDB","timestamp":"2026-02-23T10:44:48.525Z"}
{"level":"info","message":"cron starting","timestamp":"2026-02-23T10:44:54.689Z"}
{"level":"info","message":"cron added","timestamp":"2026-02-23T10:44:54.695Z"}
{"level":"info","message":"listening on port 8082","timestamp":"2026-02-23T10:44:54.697Z"}
{"level":"info","message":"Connected to Redis!","timestamp":"2026-02-23T10:44:54.712Z"}
{"level":"info","message":"Connected to MongoDB","timestamp":"2026-02-23T10:44:55.294Z"}
{"level":"info","message":"cron starting","timestamp":"2026-02-23T10:45:03.673Z"}
{"level":"info","message":"cron added","timestamp":"2026-02-23T10:45:03.679Z"}
{"level":"info","message":"listening on port 8082","timestamp":"2026-02-23T10:45:03.681Z"}
{"level":"info","message":"Connected to Redis!","timestamp":"2026-02-23T10:45:03.693Z"}
{"level":"info","message":"cron starting","timestamp":"2026-02-23T10:45:14.800Z"}
{"level":"info","message":"cron added","timestamp":"2026-02-23T10:45:14.807Z"}
{"level":"info","message":"listening on port 8082","timestamp":"2026-02-23T10:45:14.808Z"}
{"level":"info","message":"Connected to Redis!","timestamp":"2026-02-23T10:45:14.822Z"}
{"level":"info","message":"cron starting","timestamp":"2026-02-23T10:45:27.642Z"}
{"level":"info","message":"cron added","timestamp":"2026-02-23T10:45:27.648Z"}
{"level":"info","message":"listening on port 8082","timestamp":"2026-02-23T10:45:27.649Z"}
{"level":"info","message":"Connected to Redis!","timestamp":"2026-02-23T10:45:27.665Z"}
{"level":"info","message":"Connected to MongoDB","timestamp":"2026-02-23T10:45:28.243Z"}
{"level":"info","message":"cron starting","timestamp":"2026-02-23T10:45:32.600Z"}
{"level":"info","message":"cron added","timestamp":"2026-02-23T10:45:32.606Z"}
{"level":"info","message":"listening on port 8082","timestamp":"2026-02-23T10:45:32.607Z"}
{"level":"info","message":"cron starting","timestamp":"2026-02-23T10:45:39.619Z"}
{"level":"info","message":"cron added","timestamp":"2026-02-23T10:45:39.625Z"}
{"level":"info","message":"listening on port 8082","timestamp":"2026-02-23T10:45:39.626Z"}
{"level":"info","message":"Connected to Redis!","timestamp":"2026-02-23T10:45:39.639Z"}
{"level":"info","message":"Connected to MongoDB","timestamp":"2026-02-23T10:46:02.014Z"}
{"level":"info","message":"cron starting","timestamp":"2026-02-23T10:46:07.173Z"}
{"level":"info","message":"cron added","timestamp":"2026-02-23T10:46:07.179Z"}
{"level":"info","message":"listening on port 8082","timestamp":"2026-02-23T10:46:07.181Z"}
{"level":"info","message":"Connected to Redis!","timestamp":"2026-02-23T10:46:07.198Z"}
{"level":"info","message":"Connected to MongoDB","timestamp":"2026-02-23T10:46:07.773Z"}
{"level":"info","message":"cron starting","timestamp":"2026-02-23T10:46:16.240Z"}
{"level":"info","message":"cron added","timestamp":"2026-02-23T10:46:16.246Z"}
{"level":"info","message":"listening on port 8082","timestamp":"2026-02-23T10:46:16.248Z"}
{"level":"info","message":"Connected to Redis!","timestamp":"2026-02-23T10:46:16.261Z"}
{"level":"info","message":"Connected to MongoDB","timestamp":"2026-02-23T10:46:16.832Z"}
{"level":"info","message":"cron starting","timestamp":"2026-02-23T10:46:26.892Z"}
{"level":"info","message":"cron added","timestamp":"2026-02-23T10:46:26.898Z"}
{"level":"info","message":"listening on port 8082","timestamp":"2026-02-23T10:46:26.900Z"}
{"level":"info","message":"Connected to Redis!","timestamp":"2026-02-23T10:46:26.915Z"}
{"level":"info","message":"cron starting","timestamp":"2026-02-23T10:46:36.912Z"}
{"level":"info","message":"cron added","timestamp":"2026-02-23T10:46:36.918Z"}
{"level":"info","message":"listening on port 8082","timestamp":"2026-02-23T10:46:36.920Z"}
{"level":"info","message":"cron starting","timestamp":"2026-02-23T10:46:41.793Z"}
{"level":"info","message":"cron added","timestamp":"2026-02-23T10:46:41.800Z"}
{"level":"info","message":"listening on port 8082","timestamp":"2026-02-23T10:46:41.802Z"}
{"level":"info","message":"Connected to Redis!","timestamp":"2026-02-23T10:46:41.814Z"}
{"level":"info","message":"cron starting","timestamp":"2026-02-23T10:46:46.304Z"}
{"level":"info","message":"cron added","timestamp":"2026-02-23T10:46:46.310Z"}
{"level":"info","message":"listening on port 8082","timestamp":"2026-02-23T10:46:46.312Z"}
{"level":"info","message":"Connected to Redis!","timestamp":"2026-02-23T10:46:46.324Z"}
{"level":"info","message":"cron starting","timestamp":"2026-02-23T10:46:50.274Z"}
{"level":"info","message":"cron added","timestamp":"2026-02-23T10:46:50.280Z"}
{"level":"info","message":"listening on port 8082","timestamp":"2026-02-23T10:46:50.282Z"}
{"level":"info","message":"Connected to Redis!","timestamp":"2026-02-23T10:46:50.294Z"}
{"level":"info","message":"Connected to MongoDB","timestamp":"2026-02-23T10:46:50.878Z"}
{"level":"info","message":"cron starting","timestamp":"2026-02-23T10:46:56.386Z"}
{"level":"info","message":"cron added","timestamp":"2026-02-23T10:46:56.393Z"}
{"level":"info","message":"listening on port 8082","timestamp":"2026-02-23T10:46:56.395Z"}
{"level":"info","message":"Connected to Redis!","timestamp":"2026-02-23T10:46:56.413Z"}
{"level":"info","message":"Connected to MongoDB","timestamp":"2026-02-23T10:46:56.997Z"}
{"level":"info","message":"cron starting","timestamp":"2026-02-23T10:47:10.241Z"}
{"level":"info","message":"cron added","timestamp":"2026-02-23T10:47:10.247Z"}
{"level":"info","message":"listening on port 8082","timestamp":"2026-02-23T10:47:10.249Z"}
{"level":"info","message":"Connected to Redis!","timestamp":"2026-02-23T10:47:10.267Z"}
{"level":"info","message":"Connected to MongoDB","timestamp":"2026-02-23T10:47:10.838Z"}
{"level":"info","message":"cron starting","timestamp":"2026-02-23T10:47:20.707Z"}
{"level":"info","message":"cron added","timestamp":"2026-02-23T10:47:20.714Z"}
{"level":"info","message":"listening on port 8082","timestamp":"2026-02-23T10:47:20.715Z"}
{"level":"info","message":"Connected to Redis!","timestamp":"2026-02-23T10:47:20.732Z"}
{"level":"info","message":"Connected to MongoDB","timestamp":"2026-02-23T10:47:21.317Z"}
{"level":"info","message":"cron starting","timestamp":"2026-02-23T10:47:28.833Z"}
{"level":"info","message":"cron added","timestamp":"2026-02-23T10:47:28.839Z"}
{"level":"info","message":"listening on port 8082","timestamp":"2026-02-23T10:47:28.840Z"}
{"level":"info","message":"Connected to Redis!","timestamp":"2026-02-23T10:47:28.858Z"}
{"level":"info","message":"cron starting","timestamp":"2026-02-23T10:47:33.614Z"}
{"level":"info","message":"cron added","timestamp":"2026-02-23T10:47:33.623Z"}
{"level":"info","message":"listening on port 8082","timestamp":"2026-02-23T10:47:33.625Z"}
{"level":"info","message":"Connected to Redis!","timestamp":"2026-02-23T10:47:33.638Z"}
{"level":"info","message":"Connected to MongoDB","timestamp":"2026-02-23T10:47:34.208Z"}
{"level":"info","message":"cron starting","timestamp":"2026-02-23T10:47:52.146Z"}
{"level":"info","message":"cron added","timestamp":"2026-02-23T10:47:52.152Z"}
{"level":"info","message":"listening on port 8082","timestamp":"2026-02-23T10:47:52.154Z"}
{"level":"info","message":"Connected to Redis!","timestamp":"2026-02-23T10:47:52.167Z"}
{"level":"info","message":"cron starting","timestamp":"2026-02-23T10:48:02.086Z"}
{"level":"info","message":"cron added","timestamp":"2026-02-23T10:48:02.093Z"}
{"level":"info","message":"listening on port 8082","timestamp":"2026-02-23T10:48:02.095Z"}
{"level":"info","message":"Connected to Redis!","timestamp":"2026-02-23T10:48:02.108Z"}
{"level":"info","message":"Connected to MongoDB","timestamp":"2026-02-23T10:48:02.677Z"}
{"level":"info","message":"cron starting","timestamp":"2026-02-23T10:48:10.891Z"}
{"level":"info","message":"cron added","timestamp":"2026-02-23T10:48:10.898Z"}
{"level":"info","message":"listening on port 8082","timestamp":"2026-02-23T10:48:10.899Z"}
{"level":"info","message":"Connected to Redis!","timestamp":"2026-02-23T10:48:10.911Z"}
{"level":"info","message":"Connected to MongoDB","timestamp":"2026-02-23T10:48:11.478Z"}
{"level":"info","message":"cron starting","timestamp":"2026-02-23T10:48:16.379Z"}
{"level":"info","message":"cron added","timestamp":"2026-02-23T10:48:16.385Z"}
{"level":"info","message":"listening on port 8082","timestamp":"2026-02-23T10:48:16.387Z"}
{"level":"info","message":"Connected to Redis!","timestamp":"2026-02-23T10:48:16.400Z"}
{"level":"info","message":"Connected to MongoDB","timestamp":"2026-02-23T10:48:16.977Z"}
{"level":"info","message":"cron starting","timestamp":"2026-02-23T10:48:21.725Z"}
{"level":"info","message":"cron added","timestamp":"2026-02-23T10:48:21.731Z"}
{"level":"info","message":"listening on port 8082","timestamp":"2026-02-23T10:48:21.733Z"}
{"level":"info","message":"Connected to Redis!","timestamp":"2026-02-23T10:48:21.748Z"}
{"level":"info","message":"Connected to MongoDB","timestamp":"2026-02-23T10:48:22.312Z"}
{"level":"info","message":"cron starting","timestamp":"2026-02-23T10:48:27.780Z"}
{"level":"info","message":"cron added","timestamp":"2026-02-23T10:48:27.786Z"}
{"level":"info","message":"listening on port 8082","timestamp":"2026-02-23T10:48:27.788Z"}
{"level":"info","message":"Connected to MongoDB","timestamp":"2026-02-23T10:48:28.369Z"}
{"level":"info","message":"cron starting","timestamp":"2026-02-23T10:48:39.181Z"}
{"level":"info","message":"cron added","timestamp":"2026-02-23T10:48:39.187Z"}
{"level":"info","message":"listening on port 8082","timestamp":"2026-02-23T10:48:39.189Z"}
{"level":"info","message":"Connected to Redis!","timestamp":"2026-02-23T10:48:39.206Z"}
{"level":"info","message":"cron starting","timestamp":"2026-02-23T10:48:46.349Z"}
{"level":"info","message":"cron added","timestamp":"2026-02-23T10:48:46.356Z"}
{"level":"info","message":"listening on port 8082","timestamp":"2026-02-23T10:48:46.357Z"}
{"level":"info","message":"Connected to Redis!","timestamp":"2026-02-23T10:48:46.386Z"}
{"level":"info","message":"Connected to MongoDB","timestamp":"2026-02-23T10:48:47.020Z"}
{"level":"info","message":"cron starting","timestamp":"2026-02-23T10:49:02.478Z"}
{"level":"info","message":"cron added","timestamp":"2026-02-23T10:49:02.484Z"}
{"level":"info","message":"listening on port 8082","timestamp":"2026-02-23T10:49:02.485Z"}
{"level":"info","message":"Connected to Redis!","timestamp":"2026-02-23T10:49:02.497Z"}
{"level":"info","message":"cron starting","timestamp":"2026-02-23T10:49:12.213Z"}
{"level":"info","message":"cron added","timestamp":"2026-02-23T10:49:12.224Z"}
{"level":"info","message":"listening on port 8082","timestamp":"2026-02-23T10:49:12.227Z"}
{"level":"info","message":"Connected to Redis!","timestamp":"2026-02-23T10:49:12.241Z"}
{"level":"info","message":"Connected to MongoDB","timestamp":"2026-02-23T10:49:12.807Z"}
{"level":"info","message":"cron starting","timestamp":"2026-02-23T10:49:32.719Z"}
{"level":"info","message":"cron added","timestamp":"2026-02-23T10:49:32.725Z"}
{"level":"info","message":"listening on port 8082","timestamp":"2026-02-23T10:49:32.727Z"}
{"level":"info","message":"Connected to Redis!","timestamp":"2026-02-23T10:49:32.740Z"}
{"level":"info","message":"Connected to MongoDB","timestamp":"2026-02-23T10:49:33.326Z"}
{"level":"info","message":"cron starting","timestamp":"2026-02-23T10:49:57.347Z"}
{"level":"info","message":"cron added","timestamp":"2026-02-23T10:49:57.353Z"}
{"level":"info","message":"listening on port 8082","timestamp":"2026-02-23T10:49:57.355Z"}
{"level":"info","message":"Connected to MongoDB","timestamp":"2026-02-23T10:49:57.932Z"}
{"level":"info","message":"Connected to Redis!","timestamp":"2026-02-23T10:50:07.432Z"}
{"level":"info","message":"cron starting","timestamp":"2026-02-23T10:50:34.068Z"}
{"level":"info","message":"cron added","timestamp":"2026-02-23T10:50:34.074Z"}
{"level":"info","message":"listening on port 8082","timestamp":"2026-02-23T10:50:34.076Z"}
{"level":"info","message":"Connected to Redis!","timestamp":"2026-02-23T10:50:34.088Z"}
{"level":"info","message":"cron starting","timestamp":"2026-02-23T10:50:43.676Z"}
{"level":"info","message":"cron added","timestamp":"2026-02-23T10:50:43.682Z"}
{"level":"info","message":"listening on port 8082","timestamp":"2026-02-23T10:50:43.684Z"}
{"level":"info","message":"Connected to Redis!","timestamp":"2026-02-23T10:50:43.697Z"}
{"level":"info","message":"Connected to MongoDB","timestamp":"2026-02-23T10:50:44.282Z"}
{"level":"info","message":"cron starting","timestamp":"2026-02-23T10:50:52.046Z"}
{"level":"info","message":"cron added","timestamp":"2026-02-23T10:50:52.052Z"}
{"level":"info","message":"listening on port 8082","timestamp":"2026-02-23T10:50:52.054Z"}
{"level":"info","message":"Connected to Redis!","timestamp":"2026-02-23T10:50:52.068Z"}
{"level":"info","message":"Connected to MongoDB","timestamp":"2026-02-23T10:50:52.640Z"}
{"level":"info","message":"cron starting","timestamp":"2026-02-23T10:51:04.893Z"}
{"level":"info","message":"cron added","timestamp":"2026-02-23T10:51:04.900Z"}
{"level":"info","message":"listening on port 8082","timestamp":"2026-02-23T10:51:04.902Z"}
{"level":"info","message":"Connected to Redis!","timestamp":"2026-02-23T10:51:04.915Z"}
{"level":"info","message":"cron starting","timestamp":"2026-02-23T10:51:15.571Z"}
{"level":"info","message":"cron added","timestamp":"2026-02-23T10:51:15.578Z"}
{"level":"info","message":"listening on port 8082","timestamp":"2026-02-23T10:51:15.580Z"}
{"level":"info","message":"Connected to Redis!","timestamp":"2026-02-23T10:51:15.593Z"}
{"level":"info","message":"Connected to MongoDB","timestamp":"2026-02-23T10:51:16.176Z"}
{"level":"info","message":"cron starting","timestamp":"2026-02-23T10:51:18.692Z"}
{"level":"info","message":"cron added","timestamp":"2026-02-23T10:51:18.698Z"}
{"level":"info","message":"listening on port 8082","timestamp":"2026-02-23T10:51:18.700Z"}
{"level":"info","message":"Connected to Redis!","timestamp":"2026-02-23T10:51:18.716Z"}
{"level":"error","message":"Unhandled Rejection: logger.errpr is not a function","stack":"TypeError: logger.errpr is not a function\n    at connectDatabase (file:///C:/Users/HP/Desktop/new_app/ev_homes_backend/src/config/database.js:12:12)\n    at process.processTicksAndRejections (node:internal/process/task_queues:95:5)","timestamp":"2026-02-23T10:51:40.271Z"}
{"level":"info","message":"cron starting","timestamp":"2026-02-23T10:51:59.534Z"}
{"level":"info","message":"cron added","timestamp":"2026-02-23T10:51:59.540Z"}
{"level":"info","message":"listening on port 8082","timestamp":"2026-02-23T10:51:59.542Z"}
{"level":"info","message":"Connected to Redis!","timestamp":"2026-02-23T10:51:59.556Z"}
{"level":"info","message":"Connected to MongoDB","timestamp":"2026-02-23T10:52:00.138Z"}
{"level":"info","message":"cron starting","timestamp":"2026-02-23T10:52:15.541Z"}
{"level":"info","message":"cron added","timestamp":"2026-02-23T10:52:15.550Z"}
{"level":"info","message":"listening on port 8082","timestamp":"2026-02-23T10:52:15.552Z"}
{"level":"info","message":"Connected to MongoDB","timestamp":"2026-02-23T10:52:16.132Z"}
{"level":"info","message":"Connected to Redis!","timestamp":"2026-02-23T10:52:25.624Z"}
{"level":"info","message":"cron starting","timestamp":"2026-02-23T10:52:30.653Z"}
{"level":"info","message":"cron added","timestamp":"2026-02-23T10:52:30.660Z"}
{"level":"info","message":"listening on port 8082","timestamp":"2026-02-23T10:52:30.661Z"}
{"level":"info","message":"Connected to Redis!","timestamp":"2026-02-23T10:52:30.675Z"}
{"level":"info","message":"Connected to MongoDB","timestamp":"2026-02-23T10:52:31.234Z"}
{"level":"info","message":"cron starting","timestamp":"2026-02-23T10:52:51.407Z"}
{"level":"info","message":"cron added","timestamp":"2026-02-23T10:52:51.414Z"}
{"level":"info","message":"listening on port 8082","timestamp":"2026-02-23T10:52:51.415Z"}
{"level":"info","message":"Connected to Redis!","timestamp":"2026-02-23T10:52:51.428Z"}
{"level":"info","message":"cron starting","timestamp":"2026-02-23T10:52:54.685Z"}
{"level":"info","message":"cron added","timestamp":"2026-02-23T10:52:54.694Z"}
{"level":"info","message":"listening on port 8082","timestamp":"2026-02-23T10:52:54.696Z"}
{"level":"info","message":"Connected to Redis!","timestamp":"2026-02-23T10:52:54.714Z"}
{"level":"info","message":"Connected to MongoDB","timestamp":"2026-02-23T10:52:55.301Z"}
{"level":"info","message":"cron starting","timestamp":"2026-02-23T10:53:07.536Z"}
{"level":"info","message":"cron added","timestamp":"2026-02-23T10:53:07.543Z"}
{"level":"info","message":"listening on port 8082","timestamp":"2026-02-23T10:53:07.544Z"}
{"level":"info","message":"Connected to Redis!","timestamp":"2026-02-23T10:53:07.556Z"}
{"level":"info","message":"Connected to MongoDB","timestamp":"2026-02-23T10:53:08.112Z"}
{"level":"info","message":"cron starting","timestamp":"2026-02-23T10:53:10.956Z"}
{"level":"info","message":"cron added","timestamp":"2026-02-23T10:53:10.962Z"}
{"level":"info","message":"listening on port 8082","timestamp":"2026-02-23T10:53:10.964Z"}
{"level":"info","message":"Connected to Redis!","timestamp":"2026-02-23T10:53:10.976Z"}
{"level":"info","message":"Connected to MongoDB","timestamp":"2026-02-23T10:53:11.554Z"}
{"level":"info","message":"cron starting","timestamp":"2026-02-23T10:53:24.612Z"}
{"level":"info","message":"cron added","timestamp":"2026-02-23T10:53:24.619Z"}
{"level":"info","message":"listening on port 8082","timestamp":"2026-02-23T10:53:24.620Z"}
{"level":"info","message":"Connected to Redis!","timestamp":"2026-02-23T10:53:24.637Z"}
{"level":"info","message":"cron starting","timestamp":"2026-02-23T10:53:42.773Z"}
{"level":"info","message":"cron added","timestamp":"2026-02-23T10:53:42.780Z"}
{"level":"info","message":"listening on port 8082","timestamp":"2026-02-23T10:53:42.782Z"}
{"level":"info","message":"Connected to Redis!","timestamp":"2026-02-23T10:53:42.793Z"}
{"level":"info","message":"Connected to MongoDB","timestamp":"2026-02-23T10:53:43.357Z"}
{"level":"info","message":"cron starting","timestamp":"2026-02-23T10:54:01.200Z"}
{"level":"info","message":"cron added","timestamp":"2026-02-23T10:54:01.207Z"}
{"level":"info","message":"listening on port 8082","timestamp":"2026-02-23T10:54:01.208Z"}
{"level":"info","message":"Connected to Redis!","timestamp":"2026-02-23T10:54:01.221Z"}
{"level":"info","message":"cron starting","timestamp":"2026-02-23T10:54:12.985Z"}
{"level":"info","message":"cron added","timestamp":"2026-02-23T10:54:12.992Z"}
{"level":"info","message":"listening on port 8082","timestamp":"2026-02-23T10:54:12.993Z"}
{"level":"info","message":"Connected to Redis!","timestamp":"2026-02-23T10:54:13.006Z"}
{"level":"info","message":"cron starting","timestamp":"2026-02-23T10:54:30.941Z"}
{"level":"info","message":"cron added","timestamp":"2026-02-23T10:54:30.947Z"}
{"level":"info","message":"listening on port 8082","timestamp":"2026-02-23T10:54:30.948Z"}
{"level":"info","message":"Connected to Redis!","timestamp":"2026-02-23T10:54:30.961Z"}
{"level":"info","message":"cron starting","timestamp":"2026-02-23T10:54:53.157Z"}
{"level":"info","message":"cron added","timestamp":"2026-02-23T10:54:53.163Z"}
{"level":"info","message":"listening on port 8082","timestamp":"2026-02-23T10:54:53.165Z"}
{"level":"info","message":"Connected to Redis!","timestamp":"2026-02-23T10:54:53.179Z"}
{"level":"info","message":"Connected to MongoDB","timestamp":"2026-02-23T10:54:53.757Z"}
{"level":"info","message":"cron starting","timestamp":"2026-02-23T10:55:07.846Z"}
{"level":"info","message":"cron added","timestamp":"2026-02-23T10:55:07.851Z"}
{"level":"info","message":"listening on port 8082","timestamp":"2026-02-23T10:55:07.853Z"}
{"level":"info","message":"Connected to Redis!","timestamp":"2026-02-23T10:55:07.866Z"}
{"level":"info","message":"cron starting","timestamp":"2026-02-23T10:55:14.542Z"}
{"level":"info","message":"cron added","timestamp":"2026-02-23T10:55:14.549Z"}
{"level":"info","message":"listening on port 8082","timestamp":"2026-02-23T10:55:14.550Z"}
{"level":"info","message":"Connected to Redis!","timestamp":"2026-02-23T10:55:14.567Z"}
{"level":"info","message":"cron starting","timestamp":"2026-02-23T10:55:24.633Z"}
{"level":"info","message":"cron added","timestamp":"2026-02-23T10:55:24.639Z"}
{"level":"info","message":"listening on port 8082","timestamp":"2026-02-23T10:55:24.641Z"}
{"level":"info","message":"cron starting","timestamp":"2026-02-23T10:55:31.686Z"}
{"level":"info","message":"cron added","timestamp":"2026-02-23T10:55:31.694Z"}
{"level":"info","message":"listening on port 8082","timestamp":"2026-02-23T10:55:31.696Z"}
{"level":"info","message":"cron starting","timestamp":"2026-02-23T10:55:48.080Z"}
{"level":"info","message":"cron added","timestamp":"2026-02-23T10:55:48.086Z"}
{"level":"info","message":"listening on port 8082","timestamp":"2026-02-23T10:55:48.088Z"}
{"level":"info","message":"Connected to Redis!","timestamp":"2026-02-23T10:55:48.102Z"}
{"level":"info","message":"Connected to MongoDB","timestamp":"2026-02-23T10:55:48.676Z"}
{"level":"info","message":"cron starting","timestamp":"2026-02-23T10:56:06.399Z"}
{"level":"info","message":"cron added","timestamp":"2026-02-23T10:56:06.405Z"}
{"level":"info","message":"listening on port 8082","timestamp":"2026-02-23T10:56:06.407Z"}
{"level":"info","message":"Connected to Redis!","timestamp":"2026-02-23T10:56:06.421Z"}
{"level":"error","message":"Unhandled Rejection: logger.errpr is not a function","stack":"TypeError: logger.errpr is not a function\n    at connectDatabase (file:///C:/Users/HP/Desktop/new_app/ev_homes_backend/src/config/database.js:12:12)\n    at process.processTicksAndRejections (node:internal/process/task_queues:95:5)","timestamp":"2026-02-23T10:56:27.981Z"}
{"level":"info","message":"cron starting","timestamp":"2026-02-23T10:56:46.788Z"}
{"level":"info","message":"cron added","timestamp":"2026-02-23T10:56:46.794Z"}
{"level":"info","message":"listening on port 8082","timestamp":"2026-02-23T10:56:46.796Z"}
{"level":"info","message":"Connected to Redis!","timestamp":"2026-02-23T10:56:46.818Z"}
{"level":"info","message":"Connected to MongoDB","timestamp":"2026-02-23T10:56:47.410Z"}
{"level":"info","message":"cron starting","timestamp":"2026-02-23T10:57:15.164Z"}
{"level":"info","message":"cron added","timestamp":"2026-02-23T10:57:15.170Z"}
{"level":"info","message":"listening on port 8082","timestamp":"2026-02-23T10:57:15.172Z"}
{"level":"info","message":"Connected to Redis!","timestamp":"2026-02-23T10:57:15.183Z"}
{"level":"info","message":"Connected to MongoDB","timestamp":"2026-02-23T10:57:15.768Z"}
{"level":"info","message":"cron starting","timestamp":"2026-02-23T10:57:33.146Z"}
{"level":"info","message":"cron added","timestamp":"2026-02-23T10:57:33.152Z"}
{"level":"info","message":"listening on port 8082","timestamp":"2026-02-23T10:57:33.154Z"}
{"level":"info","message":"Connected to Redis!","timestamp":"2026-02-23T10:57:33.170Z"}
{"level":"info","message":"Connected to MongoDB","timestamp":"2026-02-23T10:57:33.746Z"}
{"level":"info","message":"cron starting","timestamp":"2026-02-23T10:57:47.095Z"}
{"level":"info","message":"cron added","timestamp":"2026-02-23T10:57:47.101Z"}
{"level":"info","message":"listening on port 8082","timestamp":"2026-02-23T10:57:47.102Z"}
{"level":"info","message":"Connected to Redis!","timestamp":"2026-02-23T10:58:07.315Z"}
{"level":"info","message":"Connected to MongoDB","timestamp":"2026-02-23T10:58:09.508Z"}
{"level":"info","message":"cron starting","timestamp":"2026-02-23T10:58:12.296Z"}
{"level":"info","message":"cron added","timestamp":"2026-02-23T10:58:12.302Z"}
{"level":"info","message":"listening on port 8082","timestamp":"2026-02-23T10:58:12.304Z"}
{"level":"info","message":"Connected to Redis!","timestamp":"2026-02-23T10:58:12.318Z"}
{"level":"info","message":"Connected to MongoDB","timestamp":"2026-02-23T10:58:12.885Z"}
{"level":"info","message":"cron starting","timestamp":"2026-02-23T10:58:25.300Z"}
{"level":"info","message":"cron added","timestamp":"2026-02-23T10:58:25.306Z"}
{"level":"info","message":"listening on port 8082","timestamp":"2026-02-23T10:58:25.308Z"}
{"level":"info","message":"Connected to Redis!","timestamp":"2026-02-23T10:58:25.322Z"}
{"level":"info","message":"Connected to MongoDB","timestamp":"2026-02-23T10:58:25.890Z"}
{"level":"info","message":"cron starting","timestamp":"2026-02-23T10:58:49.241Z"}
{"level":"info","message":"cron added","timestamp":"2026-02-23T10:58:49.248Z"}
{"level":"info","message":"listening on port 8082","timestamp":"2026-02-23T10:58:49.249Z"}
{"level":"info","message":"Connected to Redis!","timestamp":"2026-02-23T10:58:49.262Z"}
{"level":"info","message":"Connected to MongoDB","timestamp":"2026-02-23T10:58:49.844Z"}
{"level":"info","message":"cron starting","timestamp":"2026-02-23T10:58:57.896Z"}
{"level":"info","message":"cron added","timestamp":"2026-02-23T10:58:57.902Z"}
{"level":"info","message":"listening on port 8082","timestamp":"2026-02-23T10:58:57.903Z"}
{"level":"info","message":"Connected to MongoDB","timestamp":"2026-02-23T10:58:58.488Z"}
{"level":"info","message":"Connected to Redis!","timestamp":"2026-02-23T10:59:08.008Z"}
{"level":"info","message":"cron starting","timestamp":"2026-02-23T10:59:22.478Z"}
{"level":"info","message":"cron added","timestamp":"2026-02-23T10:59:22.483Z"}
{"level":"info","message":"listening on port 8082","timestamp":"2026-02-23T10:59:22.485Z"}
{"level":"info","message":"Connected to MongoDB","timestamp":"2026-02-23T10:59:23.075Z"}
{"level":"info","message":"cron starting","timestamp":"2026-02-23T10:59:34.794Z"}
{"level":"info","message":"cron added","timestamp":"2026-02-23T10:59:34.800Z"}
{"level":"info","message":"listening on port 8082","timestamp":"2026-02-23T10:59:34.802Z"}
{"level":"info","message":"Connected to Redis!","timestamp":"2026-02-23T10:59:34.818Z"}
{"level":"info","message":"Connected to MongoDB","timestamp":"2026-02-23T10:59:35.381Z"}
{"level":"info","message":"cron starting","timestamp":"2026-02-23T10:59:59.437Z"}
{"level":"info","message":"cron added","timestamp":"2026-02-23T10:59:59.443Z"}
{"level":"info","message":"listening on port 8082","timestamp":"2026-02-23T10:59:59.445Z"}
{"level":"info","message":"Connected to Redis!","timestamp":"2026-02-23T10:59:59.461Z"}
{"level":"info","message":"cron starting","timestamp":"2026-02-23T11:00:04.745Z"}
{"level":"info","message":"cron added","timestamp":"2026-02-23T11:00:04.753Z"}
{"level":"info","message":"listening on port 8082","timestamp":"2026-02-23T11:00:04.755Z"}
{"level":"info","message":"Connected to Redis!","timestamp":"2026-02-23T11:00:04.773Z"}
{"level":"info","message":"Connected to MongoDB","timestamp":"2026-02-23T11:00:05.334Z"}
{"level":"info","message":"cron starting","timestamp":"2026-02-23T11:00:19.586Z"}
{"level":"info","message":"cron added","timestamp":"2026-02-23T11:00:19.592Z"}
{"level":"info","message":"listening on port 8082","timestamp":"2026-02-23T11:00:19.593Z"}
{"level":"info","message":"Connected to Redis!","timestamp":"2026-02-23T11:00:19.607Z"}
{"level":"info","message":"Connected to MongoDB","timestamp":"2026-02-23T11:00:20.181Z"}
{"level":"info","message":"cron starting","timestamp":"2026-02-23T11:00:34.139Z"}
{"level":"info","message":"cron added","timestamp":"2026-02-23T11:00:34.145Z"}
{"level":"info","message":"listening on port 8082","timestamp":"2026-02-23T11:00:34.147Z"}
{"level":"info","message":"Connected to Redis!","timestamp":"2026-02-23T11:00:34.158Z"}
{"level":"info","message":"Connected to MongoDB","timestamp":"2026-02-23T11:00:34.729Z"}
{"level":"info","message":"cron starting","timestamp":"2026-02-23T11:00:43.849Z"}
{"level":"info","message":"cron added","timestamp":"2026-02-23T11:00:43.855Z"}
{"level":"info","message":"listening on port 8082","timestamp":"2026-02-23T11:00:43.857Z"}
{"level":"info","message":"Connected to Redis!","timestamp":"2026-02-23T11:00:43.870Z"}
{"level":"info","message":"Connected to MongoDB","timestamp":"2026-02-23T11:00:44.448Z"}
{"level":"info","message":"cron starting","timestamp":"2026-02-23T11:00:47.280Z"}
{"level":"info","message":"cron added","timestamp":"2026-02-23T11:00:47.286Z"}
{"level":"info","message":"listening on port 8082","timestamp":"2026-02-23T11:00:47.289Z"}
{"level":"info","message":"Connected to Redis!","timestamp":"2026-02-23T11:00:47.310Z"}
{"level":"info","message":"Connected to MongoDB","timestamp":"2026-02-23T11:00:47.870Z"}
{"level":"info","message":"cron starting","timestamp":"2026-02-23T11:00:50.859Z"}
{"level":"info","message":"cron added","timestamp":"2026-02-23T11:00:50.869Z"}
{"level":"info","message":"listening on port 8082","timestamp":"2026-02-23T11:00:50.871Z"}
{"level":"info","message":"Connected to MongoDB","timestamp":"2026-02-23T11:00:51.469Z"}
{"level":"info","message":"cron starting","timestamp":"2026-02-23T11:00:59.506Z"}
{"level":"info","message":"cron added","timestamp":"2026-02-23T11:00:59.513Z"}
{"level":"info","message":"listening on port 8082","timestamp":"2026-02-23T11:00:59.514Z"}
{"level":"info","message":"Connected to Redis!","timestamp":"2026-02-23T11:00:59.534Z"}
{"level":"info","message":"cron starting","timestamp":"2026-02-23T11:01:06.938Z"}
{"level":"info","message":"cron added","timestamp":"2026-02-23T11:01:06.944Z"}
{"level":"info","message":"listening on port 8082","timestamp":"2026-02-23T11:01:06.946Z"}
{"level":"info","message":"Connected to Redis!","timestamp":"2026-02-23T11:01:06.959Z"}
{"level":"info","message":"Connected to MongoDB","timestamp":"2026-02-23T11:01:29.340Z"}
{"level":"info","message":"cron starting","timestamp":"2026-02-23T11:13:53.948Z"}
{"level":"info","message":"cron added","timestamp":"2026-02-23T11:13:53.956Z"}
{"level":"info","message":"listening on port 8082","timestamp":"2026-02-23T11:13:53.958Z"}
{"level":"info","message":"Connected to MongoDB","timestamp":"2026-02-23T11:13:54.545Z"}
{"level":"info","message":"Connected to Redis!","timestamp":"2026-02-23T11:14:14.171Z"}
{"level":"info","message":"cron starting","timestamp":"2026-02-23T11:14:19.641Z"}
{"level":"info","message":"cron added","timestamp":"2026-02-23T11:14:19.648Z"}
{"level":"info","message":"listening on port 8082","timestamp":"2026-02-23T11:14:19.649Z"}
{"level":"info","message":"cron starting","timestamp":"2026-02-23T11:14:23.961Z"}
{"level":"info","message":"cron added","timestamp":"2026-02-23T11:14:23.967Z"}
{"level":"info","message":"listening on port 8082","timestamp":"2026-02-23T11:14:23.969Z"}
{"level":"info","message":"Connected to Redis!","timestamp":"2026-02-23T11:14:23.989Z"}
{"level":"info","message":"cron starting","timestamp":"2026-02-23T11:14:32.983Z"}
{"level":"info","message":"cron added","timestamp":"2026-02-23T11:14:32.990Z"}
{"level":"info","message":"listening on port 8082","timestamp":"2026-02-23T11:14:32.992Z"}
{"level":"info","message":"Connected to Redis!","timestamp":"2026-02-23T11:14:33.005Z"}
{"level":"info","message":"cron starting","timestamp":"2026-02-23T11:14:41.200Z"}
{"level":"info","message":"cron added","timestamp":"2026-02-23T11:14:41.207Z"}
{"level":"info","message":"listening on port 8082","timestamp":"2026-02-23T11:14:41.209Z"}
{"level":"info","message":"Connected to Redis!","timestamp":"2026-02-23T11:14:41.221Z"}
{"level":"info","message":"Connected to MongoDB","timestamp":"2026-02-23T11:14:41.792Z"}
{"level":"info","message":"cron starting","timestamp":"2026-02-23T11:15:24.203Z"}
{"level":"info","message":"cron added","timestamp":"2026-02-23T11:15:24.209Z"}
{"level":"info","message":"listening on port 8082","timestamp":"2026-02-23T11:15:24.211Z"}
{"level":"info","message":"Connected to Redis!","timestamp":"2026-02-23T11:15:24.224Z"}
{"level":"info","message":"Connected to MongoDB","timestamp":"2026-02-23T11:15:24.792Z"}
{"level":"info","message":"cron starting","timestamp":"2026-02-23T11:15:47.987Z"}
{"level":"info","message":"cron added","timestamp":"2026-02-23T11:15:47.993Z"}
{"level":"info","message":"listening on port 8082","timestamp":"2026-02-23T11:15:47.995Z"}
{"level":"info","message":"Connected to Redis!","timestamp":"2026-02-23T11:15:48.007Z"}
{"level":"info","message":"Connected to MongoDB","timestamp":"2026-02-23T11:15:48.590Z"}
{"level":"info","message":"cron starting","timestamp":"2026-02-23T11:15:54.559Z"}
{"level":"info","message":"cron added","timestamp":"2026-02-23T11:15:54.565Z"}
{"level":"info","message":"listening on port 8082","timestamp":"2026-02-23T11:15:54.566Z"}
{"level":"info","message":"Connected to Redis!","timestamp":"2026-02-23T11:15:54.580Z"}
{"level":"info","message":"Connected to MongoDB","timestamp":"2026-02-23T11:15:55.173Z"}
{"level":"info","message":"cron starting","timestamp":"2026-02-23T11:16:01.642Z"}
{"level":"info","message":"cron added","timestamp":"2026-02-23T11:16:01.648Z"}
{"level":"info","message":"listening on port 8082","timestamp":"2026-02-23T11:16:01.649Z"}
{"level":"info","message":"Connected to Redis!","timestamp":"2026-02-23T11:16:01.661Z"}
{"level":"info","message":"cron starting","timestamp":"2026-02-23T11:16:08.383Z"}
{"level":"info","message":"cron added","timestamp":"2026-02-23T11:16:08.389Z"}
{"level":"info","message":"listening on port 8082","timestamp":"2026-02-23T11:16:08.391Z"}
{"level":"info","message":"Connected to Redis!","timestamp":"2026-02-23T11:16:08.404Z"}
{"level":"info","message":"Connected to MongoDB","timestamp":"2026-02-23T11:16:08.983Z"}
{"level":"info","message":"cron starting","timestamp":"2026-02-23T11:16:57.213Z"}
{"level":"info","message":"cron added","timestamp":"2026-02-23T11:16:57.219Z"}
{"level":"info","message":"listening on port 8082","timestamp":"2026-02-23T11:16:57.222Z"}
{"level":"info","message":"Connected to Redis!","timestamp":"2026-02-23T11:16:57.234Z"}
{"level":"info","message":"Connected to MongoDB","timestamp":"2026-02-23T11:16:57.811Z"}
{"level":"info","message":"cron starting","timestamp":"2026-02-23T11:17:07.627Z"}
{"level":"info","message":"cron added","timestamp":"2026-02-23T11:17:07.635Z"}
{"level":"info","message":"listening on port 8082","timestamp":"2026-02-23T11:17:07.637Z"}
{"level":"info","message":"Connected to Redis!","timestamp":"2026-02-23T11:17:07.682Z"}
{"level":"info","message":"cron starting","timestamp":"2026-02-23T11:17:10.987Z"}
{"level":"info","message":"cron added","timestamp":"2026-02-23T11:17:10.994Z"}
{"level":"info","message":"listening on port 8082","timestamp":"2026-02-23T11:17:10.996Z"}
{"level":"info","message":"Connected to MongoDB","timestamp":"2026-02-23T11:17:11.584Z"}
{"level":"info","message":"Connected to Redis!","timestamp":"2026-02-23T11:17:21.083Z"}
{"level":"info","message":"cron starting","timestamp":"2026-02-23T11:17:35.750Z"}
{"level":"info","message":"cron added","timestamp":"2026-02-23T11:17:35.756Z"}
{"level":"info","message":"listening on port 8082","timestamp":"2026-02-23T11:17:35.758Z"}
{"level":"info","message":"Connected to MongoDB","timestamp":"2026-02-23T11:17:36.351Z"}
{"level":"info","message":"cron starting","timestamp":"2026-02-23T11:17:43.258Z"}
{"level":"info","message":"cron added","timestamp":"2026-02-23T11:17:43.264Z"}
{"level":"info","message":"listening on port 8082","timestamp":"2026-02-23T11:17:43.266Z"}
{"level":"info","message":"cron starting","timestamp":"2026-02-23T11:17:53.758Z"}
{"level":"info","message":"cron added","timestamp":"2026-02-23T11:17:53.764Z"}
{"level":"info","message":"listening on port 8082","timestamp":"2026-02-23T11:17:53.765Z"}
{"level":"info","message":"Connected to Redis!","timestamp":"2026-02-23T11:17:53.778Z"}
{"level":"info","message":"Connected to MongoDB","timestamp":"2026-02-23T11:17:54.358Z"}
{"level":"info","message":"cron starting","timestamp":"2026-02-23T11:17:57.116Z"}
{"level":"info","message":"cron added","timestamp":"2026-02-23T11:17:57.122Z"}
{"level":"info","message":"listening on port 8082","timestamp":"2026-02-23T11:17:57.124Z"}
{"level":"info","message":"cron starting","timestamp":"2026-02-23T11:18:00.544Z"}
{"level":"info","message":"cron added","timestamp":"2026-02-23T11:18:00.551Z"}
{"level":"info","message":"listening on port 8082","timestamp":"2026-02-23T11:18:00.552Z"}
{"level":"info","message":"Connected to Redis!","timestamp":"2026-02-23T11:18:00.564Z"}
{"level":"info","message":"cron starting","timestamp":"2026-02-23T11:18:05.312Z"}
{"level":"info","message":"cron added","timestamp":"2026-02-23T11:18:05.322Z"}
{"level":"info","message":"listening on port 8082","timestamp":"2026-02-23T11:18:05.324Z"}
{"level":"info","message":"Connected to Redis!","timestamp":"2026-02-23T11:18:05.336Z"}
{"level":"info","message":"cron starting","timestamp":"2026-02-23T11:18:11.095Z"}
{"level":"info","message":"cron added","timestamp":"2026-02-23T11:18:11.101Z"}
{"level":"info","message":"listening on port 8082","timestamp":"2026-02-23T11:18:11.103Z"}
{"level":"info","message":"Connected to Redis!","timestamp":"2026-02-23T11:18:11.116Z"}
{"level":"info","message":"Connected to MongoDB","timestamp":"2026-02-23T11:18:11.696Z"}
{"level":"info","message":"cron starting","timestamp":"2026-02-23T11:18:16.820Z"}
{"level":"info","message":"cron added","timestamp":"2026-02-23T11:18:16.827Z"}
{"level":"info","message":"listening on port 8082","timestamp":"2026-02-23T11:18:16.828Z"}
{"level":"info","message":"Connected to Redis!","timestamp":"2026-02-23T11:18:16.842Z"}
{"level":"info","message":"cron starting","timestamp":"2026-02-23T11:18:20.405Z"}
{"level":"info","message":"cron added","timestamp":"2026-02-23T11:18:20.411Z"}
{"level":"info","message":"listening on port 8082","timestamp":"2026-02-23T11:18:20.413Z"}
{"level":"info","message":"Connected to Redis!","timestamp":"2026-02-23T11:18:20.427Z"}
{"level":"info","message":"Connected to MongoDB","timestamp":"2026-02-23T11:18:20.995Z"}
{"level":"info","message":"cron starting","timestamp":"2026-02-23T11:18:24.516Z"}
{"level":"info","message":"cron added","timestamp":"2026-02-23T11:18:24.522Z"}
{"level":"info","message":"listening on port 8082","timestamp":"2026-02-23T11:18:24.523Z"}
{"level":"info","message":"Connected to Redis!","timestamp":"2026-02-23T11:18:24.535Z"}
{"level":"info","message":"Connected to MongoDB","timestamp":"2026-02-23T11:18:25.118Z"}
{"level":"info","message":"cron starting","timestamp":"2026-02-23T11:18:29.861Z"}
{"level":"info","message":"cron added","timestamp":"2026-02-23T11:18:29.867Z"}
{"level":"info","message":"listening on port 8082","timestamp":"2026-02-23T11:18:29.869Z"}
{"level":"info","message":"Connected to Redis!","timestamp":"2026-02-23T11:18:29.889Z"}
{"level":"info","message":"Connected to MongoDB","timestamp":"2026-02-23T11:18:30.460Z"}
{"level":"info","message":"cron starting","timestamp":"2026-02-23T11:18:36.669Z"}
{"level":"info","message":"cron added","timestamp":"2026-02-23T11:18:36.676Z"}
{"level":"info","message":"listening on port 8082","timestamp":"2026-02-23T11:18:36.677Z"}
{"level":"info","message":"Connected to Redis!","timestamp":"2026-02-23T11:18:36.690Z"}
{"level":"info","message":"Connected to MongoDB","timestamp":"2026-02-23T11:18:37.272Z"}
{"level":"info","message":"cron starting","timestamp":"2026-02-23T11:19:12.719Z"}
{"level":"info","message":"cron added","timestamp":"2026-02-23T11:19:12.725Z"}
{"level":"info","message":"listening on port 8082","timestamp":"2026-02-23T11:19:12.727Z"}
{"level":"info","message":"Connected to MongoDB","timestamp":"2026-02-23T11:19:13.318Z"}
{"level":"info","message":"Connected to Redis!","timestamp":"2026-02-23T11:19:22.824Z"}
{"level":"info","message":"cron starting","timestamp":"2026-02-23T11:19:25.719Z"}
{"level":"info","message":"cron added","timestamp":"2026-02-23T11:19:25.725Z"}
{"level":"info","message":"listening on port 8082","timestamp":"2026-02-23T11:19:25.727Z"}
{"level":"info","message":"Connected to Redis!","timestamp":"2026-02-23T11:19:35.810Z"}
{"level":"info","message":"cron starting","timestamp":"2026-02-23T11:19:41.097Z"}
{"level":"info","message":"cron added","timestamp":"2026-02-23T11:19:41.103Z"}
{"level":"info","message":"listening on port 8082","timestamp":"2026-02-23T11:19:41.105Z"}
{"level":"info","message":"Connected to Redis!","timestamp":"2026-02-23T11:19:41.119Z"}
{"level":"info","message":"cron starting","timestamp":"2026-02-23T11:19:44.882Z"}
{"level":"info","message":"cron added","timestamp":"2026-02-23T11:19:44.890Z"}
{"level":"info","message":"listening on port 8082","timestamp":"2026-02-23T11:19:44.892Z"}
{"level":"info","message":"Connected to MongoDB","timestamp":"2026-02-23T11:19:45.495Z"}
{"level":"info","message":"cron starting","timestamp":"2026-02-23T11:19:48.482Z"}
{"level":"info","message":"cron added","timestamp":"2026-02-23T11:19:48.488Z"}
{"level":"info","message":"listening on port 8082","timestamp":"2026-02-23T11:19:48.489Z"}
{"level":"info","message":"Connected to Redis!","timestamp":"2026-02-23T11:19:48.502Z"}
{"level":"info","message":"Connected to MongoDB","timestamp":"2026-02-23T11:19:49.071Z"}
{"level":"info","message":"cron starting","timestamp":"2026-02-23T11:19:56.799Z"}
{"level":"info","message":"cron added","timestamp":"2026-02-23T11:19:56.805Z"}
{"level":"info","message":"listening on port 8082","timestamp":"2026-02-23T11:19:56.807Z"}
{"level":"info","message":"Connected to Redis!","timestamp":"2026-02-23T11:19:56.818Z"}
{"level":"info","message":"Connected to MongoDB","timestamp":"2026-02-23T11:19:57.393Z"}
{"level":"info","message":"cron starting","timestamp":"2026-02-23T11:20:02.201Z"}
{"level":"info","message":"cron added","timestamp":"2026-02-23T11:20:02.207Z"}
{"level":"info","message":"listening on port 8082","timestamp":"2026-02-23T11:20:02.208Z"}
{"level":"info","message":"Connected to Redis!","timestamp":"2026-02-23T11:20:02.226Z"}
{"level":"info","message":"cron starting","timestamp":"2026-02-23T11:20:09.005Z"}
{"level":"info","message":"cron added","timestamp":"2026-02-23T11:20:09.011Z"}
{"level":"info","message":"listening on port 8082","timestamp":"2026-02-23T11:20:09.013Z"}
{"level":"info","message":"Connected to Redis!","timestamp":"2026-02-23T11:20:09.030Z"}
{"level":"info","message":"Connected to MongoDB","timestamp":"2026-02-23T11:20:09.598Z"}
{"level":"info","message":"cron starting","timestamp":"2026-02-23T11:20:25.106Z"}
{"level":"info","message":"cron added","timestamp":"2026-02-23T11:20:25.113Z"}
{"level":"info","message":"listening on port 8082","timestamp":"2026-02-23T11:20:25.114Z"}
{"level":"info","message":"Connected to Redis!","timestamp":"2026-02-23T11:20:25.127Z"}
{"level":"info","message":"Connected to MongoDB","timestamp":"2026-02-23T11:20:25.699Z"}
{"level":"info","message":"cron starting","timestamp":"2026-02-23T11:21:29.834Z"}
{"level":"info","message":"cron added","timestamp":"2026-02-23T11:21:29.843Z"}
{"level":"info","message":"listening on port 8082","timestamp":"2026-02-23T11:21:29.845Z"}
{"level":"info","message":"cron starting","timestamp":"2026-02-23T11:21:35.604Z"}
{"level":"info","message":"cron added","timestamp":"2026-02-23T11:21:35.610Z"}
{"level":"info","message":"listening on port 8082","timestamp":"2026-02-23T11:21:35.612Z"}
{"level":"info","message":"Connected to MongoDB","timestamp":"2026-02-23T11:21:36.196Z"}
{"level":"info","message":"cron starting","timestamp":"2026-02-23T11:21:41.777Z"}
{"level":"info","message":"cron added","timestamp":"2026-02-23T11:21:41.784Z"}
{"level":"info","message":"listening on port 8082","timestamp":"2026-02-23T11:21:41.785Z"}
{"level":"info","message":"Connected to Redis!","timestamp":"2026-02-23T11:21:41.798Z"}
{"level":"info","message":"Connected to MongoDB","timestamp":"2026-02-23T11:21:42.368Z"}
{"level":"info","message":"cron starting","timestamp":"2026-02-23T11:21:46.428Z"}
{"level":"info","message":"cron added","timestamp":"2026-02-23T11:21:46.434Z"}
{"level":"info","message":"listening on port 8082","timestamp":"2026-02-23T11:21:46.436Z"}
{"level":"info","message":"Connected to Redis!","timestamp":"2026-02-23T11:21:46.450Z"}
{"level":"info","message":"Connected to MongoDB","timestamp":"2026-02-23T11:21:47.037Z"}
{"level":"info","message":"cron starting","timestamp":"2026-02-23T11:21:51.150Z"}
{"level":"info","message":"cron added","timestamp":"2026-02-23T11:21:51.156Z"}
{"level":"info","message":"listening on port 8082","timestamp":"2026-02-23T11:21:51.158Z"}
{"level":"info","message":"Connected to Redis!","timestamp":"2026-02-23T11:21:51.176Z"}
{"level":"info","message":"Connected to MongoDB","timestamp":"2026-02-23T11:21:51.748Z"}
{"level":"info","message":"cron starting","timestamp":"2026-02-23T11:21:54.629Z"}
{"level":"info","message":"cron added","timestamp":"2026-02-23T11:21:54.635Z"}
{"level":"info","message":"listening on port 8082","timestamp":"2026-02-23T11:21:54.636Z"}
{"level":"info","message":"Connected to Redis!","timestamp":"2026-02-23T11:21:54.653Z"}
{"level":"info","message":"Connected to MongoDB","timestamp":"2026-02-23T11:21:55.233Z"}
{"level":"info","message":"cron starting","timestamp":"2026-02-23T11:22:00.208Z"}
{"level":"info","message":"cron added","timestamp":"2026-02-23T11:22:00.214Z"}
{"level":"info","message":"listening on port 8082","timestamp":"2026-02-23T11:22:00.216Z"}
{"level":"info","message":"Connected to Redis!","timestamp":"2026-02-23T11:22:00.232Z"}
{"level":"info","message":"Connected to MongoDB","timestamp":"2026-02-23T11:22:00.809Z"}
{"level":"info","message":"cron starting","timestamp":"2026-02-23T11:22:06.058Z"}
{"level":"info","message":"cron added","timestamp":"2026-02-23T11:22:06.067Z"}
{"level":"info","message":"listening on port 8082","timestamp":"2026-02-23T11:22:06.069Z"}
{"level":"info","message":"Connected to Redis!","timestamp":"2026-02-23T11:22:06.087Z"}
{"level":"info","message":"cron starting","timestamp":"2026-02-23T11:22:09.318Z"}
{"level":"info","message":"cron added","timestamp":"2026-02-23T11:22:09.325Z"}
{"level":"info","message":"listening on port 8082","timestamp":"2026-02-23T11:22:09.326Z"}
{"level":"info","message":"Connected to Redis!","timestamp":"2026-02-23T11:22:09.338Z"}
{"level":"info","message":"Connected to MongoDB","timestamp":"2026-02-23T11:22:09.918Z"}
{"level":"info","message":"cron starting","timestamp":"2026-02-23T11:22:13.516Z"}
{"level":"info","message":"cron added","timestamp":"2026-02-23T11:22:13.523Z"}
{"level":"info","message":"listening on port 8082","timestamp":"2026-02-23T11:22:13.524Z"}
{"level":"info","message":"Connected to Redis!","timestamp":"2026-02-23T11:22:13.536Z"}
{"level":"info","message":"Connected to MongoDB","timestamp":"2026-02-23T11:22:14.106Z"}
{"level":"info","message":"cron starting","timestamp":"2026-02-23T11:22:17.126Z"}
{"level":"info","message":"cron added","timestamp":"2026-02-23T11:22:17.132Z"}
{"level":"info","message":"listening on port 8082","timestamp":"2026-02-23T11:22:17.133Z"}
{"level":"info","message":"Connected to Redis!","timestamp":"2026-02-23T11:22:17.148Z"}
{"level":"info","message":"Connected to MongoDB","timestamp":"2026-02-23T11:22:17.726Z"}
{"level":"info","message":"cron starting","timestamp":"2026-02-23T11:22:21.154Z"}
{"level":"info","message":"cron added","timestamp":"2026-02-23T11:22:21.160Z"}
{"level":"info","message":"listening on port 8082","timestamp":"2026-02-23T11:22:21.161Z"}
{"level":"info","message":"Connected to Redis!","timestamp":"2026-02-23T11:22:21.174Z"}
{"level":"info","message":"Connected to MongoDB","timestamp":"2026-02-23T11:22:21.760Z"}
{"level":"info","message":"cron starting","timestamp":"2026-02-23T11:22:27.756Z"}
{"level":"info","message":"cron added","timestamp":"2026-02-23T11:22:27.763Z"}
{"level":"info","message":"listening on port 8082","timestamp":"2026-02-23T11:22:27.764Z"}
{"level":"info","message":"Connected to Redis!","timestamp":"2026-02-23T11:22:27.785Z"}
{"level":"info","message":"Connected to MongoDB","timestamp":"2026-02-23T11:22:28.349Z"}
{"level":"info","message":"cron starting","timestamp":"2026-02-23T11:22:56.198Z"}
{"level":"info","message":"cron added","timestamp":"2026-02-23T11:22:56.205Z"}
{"level":"info","message":"listening on port 8082","timestamp":"2026-02-23T11:22:56.207Z"}
{"level":"info","message":"Connected to Redis!","timestamp":"2026-02-23T11:22:56.219Z"}
{"level":"info","message":"cron starting","timestamp":"2026-02-23T11:23:04.385Z"}
{"level":"info","message":"cron added","timestamp":"2026-02-23T11:23:04.391Z"}
{"level":"info","message":"listening on port 8082","timestamp":"2026-02-23T11:23:04.392Z"}
{"level":"info","message":"Connected to Redis!","timestamp":"2026-02-23T11:23:04.404Z"}
{"level":"info","message":"Connected to MongoDB","timestamp":"2026-02-23T11:23:04.974Z"}
{"level":"info","message":"cron starting","timestamp":"2026-02-23T11:23:24.962Z"}
{"level":"info","message":"cron added","timestamp":"2026-02-23T11:23:24.968Z"}
{"level":"info","message":"listening on port 8082","timestamp":"2026-02-23T11:23:24.969Z"}
{"level":"info","message":"Connected to Redis!","timestamp":"2026-02-23T11:23:24.981Z"}
{"level":"info","message":"Connected to MongoDB","timestamp":"2026-02-23T11:23:25.571Z"}
{"level":"info","message":"cron starting","timestamp":"2026-02-23T11:23:40.748Z"}
{"level":"info","message":"cron added","timestamp":"2026-02-23T11:23:40.758Z"}
{"level":"info","message":"listening on port 8082","timestamp":"2026-02-23T11:23:40.760Z"}
{"level":"info","message":"Connected to Redis!","timestamp":"2026-02-23T11:23:40.772Z"}
{"level":"info","message":"Connected to MongoDB","timestamp":"2026-02-23T11:23:41.349Z"}
{"level":"info","message":"cron starting","timestamp":"2026-02-23T11:24:05.622Z"}
{"level":"info","message":"cron added","timestamp":"2026-02-23T11:24:05.628Z"}
{"level":"info","message":"listening on port 8082","timestamp":"2026-02-23T11:24:05.629Z"}
{"level":"info","message":"Connected to MongoDB","timestamp":"2026-02-23T11:24:06.222Z"}
{"level":"info","message":"Connected to Redis!","timestamp":"2026-02-23T11:24:35.988Z"}
{"level":"info","message":"cron starting","timestamp":"2026-02-23T11:24:43.046Z"}
{"level":"info","message":"cron added","timestamp":"2026-02-23T11:24:43.052Z"}
{"level":"info","message":"listening on port 8082","timestamp":"2026-02-23T11:24:43.053Z"}
{"level":"info","message":"Connected to Redis!","timestamp":"2026-02-23T11:24:43.066Z"}
{"beforeHandshake":false,"cause":{"code":"ETIMEDOUT"},"connectionGeneration":0,"errorLabelSet":{},"level":"error","message":"Couldn't connect to MongoDB: connect ETIMEDOUT 2a02:4780:12:c624::1:27017, connect ETIMEDOUT 157.173.220.126:27017","stack":"MongoNetworkError: connect ETIMEDOUT 2a02:4780:12:c624::1:27017, connect ETIMEDOUT 157.173.220.126:27017\n    at Socket.<anonymous> (C:\\Users\\HP\\Desktop\\new_app\\ev_homes_backend\\node_modules\\mongodb\\lib\\cmap\\connect.js:285:44)\n    at Object.onceWrapper (node:events:634:26)\n    at Socket.emit (node:events:519:28)\n    at Socket.emit (node:domain:488:12)\n    at emitErrorNT (node:internal/streams/destroy:169:8)\n    at emitErrorCloseNT (node:internal/streams/destroy:128:3)\n    at process.processTicksAndRejections (node:internal/process/task_queues:82:21)","timestamp":"2026-02-23T11:25:04.640Z"}
{"level":"info","message":"cron starting","timestamp":"2026-02-23T11:25:14.602Z"}
{"level":"info","message":"cron added","timestamp":"2026-02-23T11:25:14.608Z"}
{"level":"info","message":"listening on port 8082","timestamp":"2026-02-23T11:25:14.610Z"}
{"level":"info","message":"Connected to Redis!","timestamp":"2026-02-23T11:25:14.621Z"}
{"level":"info","message":"Connected to MongoDB","timestamp":"2026-02-23T11:25:15.207Z"}
{"level":"info","message":"cron starting","timestamp":"2026-02-23T11:25:44.663Z"}
{"level":"info","message":"cron added","timestamp":"2026-02-23T11:25:44.669Z"}
{"level":"info","message":"listening on port 8082","timestamp":"2026-02-23T11:25:44.671Z"}
{"level":"info","message":"Connected to Redis!","timestamp":"2026-02-23T11:25:44.683Z"}
{"level":"info","message":"Connected to MongoDB","timestamp":"2026-02-23T11:25:45.250Z"}
{"level":"info","message":"cron starting","timestamp":"2026-02-23T11:25:49.995Z"}
{"level":"info","message":"cron added","timestamp":"2026-02-23T11:25:50.001Z"}
{"level":"info","message":"listening on port 8082","timestamp":"2026-02-23T11:25:50.003Z"}
{"level":"info","message":"cron starting","timestamp":"2026-02-23T11:25:54.124Z"}
{"level":"info","message":"cron added","timestamp":"2026-02-23T11:25:54.130Z"}
{"level":"info","message":"listening on port 8082","timestamp":"2026-02-23T11:25:54.131Z"}
{"level":"info","message":"Connected to Redis!","timestamp":"2026-02-23T11:25:54.147Z"}
{"level":"info","message":"Connected to MongoDB","timestamp":"2026-02-23T11:25:54.727Z"}
{"level":"info","message":"cron starting","timestamp":"2026-02-23T11:25:58.521Z"}
{"level":"info","message":"cron added","timestamp":"2026-02-23T11:25:58.527Z"}
{"level":"info","message":"listening on port 8082","timestamp":"2026-02-23T11:25:58.529Z"}
{"level":"info","message":"Connected to Redis!","timestamp":"2026-02-23T11:25:58.546Z"}
{"level":"info","message":"cron starting","timestamp":"2026-02-23T11:26:07.030Z"}
{"level":"info","message":"cron added","timestamp":"2026-02-23T11:26:07.037Z"}
{"level":"info","message":"listening on port 8082","timestamp":"2026-02-23T11:26:07.038Z"}
{"level":"info","message":"cron starting","timestamp":"2026-02-23T11:26:13.159Z"}
{"level":"info","message":"cron added","timestamp":"2026-02-23T11:26:13.166Z"}
{"level":"info","message":"listening on port 8082","timestamp":"2026-02-23T11:26:13.167Z"}
{"level":"info","message":"Connected to Redis!","timestamp":"2026-02-23T11:26:13.179Z"}
{"level":"info","message":"cron starting","timestamp":"2026-02-23T11:26:16.704Z"}
{"level":"info","message":"cron added","timestamp":"2026-02-23T11:26:16.710Z"}
{"level":"info","message":"listening on port 8082","timestamp":"2026-02-23T11:26:16.711Z"}
{"level":"info","message":"Connected to Redis!","timestamp":"2026-02-23T11:26:16.724Z"}
{"beforeHandshake":false,"cause":{"code":"ETIMEDOUT"},"connectionGeneration":0,"errorLabelSet":{},"level":"error","message":"Couldn't connect to MongoDB: connect ETIMEDOUT 2a02:4780:12:c624::1:27017, connect ETIMEDOUT 157.173.220.126:27017","stack":"MongoNetworkError: connect ETIMEDOUT 2a02:4780:12:c624::1:27017, connect ETIMEDOUT 157.173.220.126:27017\n    at Socket.<anonymous> (C:\\Users\\HP\\Desktop\\new_app\\ev_homes_backend\\node_modules\\mongodb\\lib\\cmap\\connect.js:285:44)\n    at Object.onceWrapper (node:events:634:26)\n    at Socket.emit (node:events:519:28)\n    at Socket.emit (node:domain:488:12)\n    at emitErrorNT (node:internal/streams/destroy:169:8)\n    at emitErrorCloseNT (node:internal/streams/destroy:128:3)\n    at process.processTicksAndRejections (node:internal/process/task_queues:82:21)","timestamp":"2026-02-23T11:26:38.292Z"}
{"level":"info","message":"cron starting","timestamp":"2026-02-23T11:26:41.919Z"}
{"level":"info","message":"cron added","timestamp":"2026-02-23T11:26:41.925Z"}
{"level":"info","message":"listening on port 8082","timestamp":"2026-02-23T11:26:41.927Z"}
{"level":"info","message":"Connected to Redis!","timestamp":"2026-02-23T11:26:41.950Z"}
{"level":"info","message":"cron starting","timestamp":"2026-02-23T11:27:27.956Z"}
{"level":"info","message":"cron added","timestamp":"2026-02-23T11:27:27.962Z"}
{"level":"info","message":"listening on port 8082","timestamp":"2026-02-23T11:27:27.964Z"}
{"level":"info","message":"Connected to Redis!","timestamp":"2026-02-23T11:27:27.976Z"}
{"level":"info","message":"cron starting","timestamp":"2026-02-23T11:28:05.537Z"}
{"level":"info","message":"cron added","timestamp":"2026-02-23T11:28:05.543Z"}
{"level":"info","message":"listening on port 8082","timestamp":"2026-02-23T11:28:05.545Z"}
{"level":"info","message":"Connected to Redis!","timestamp":"2026-02-23T11:28:05.558Z"}
{"level":"info","message":"Connected to MongoDB","timestamp":"2026-02-23T11:28:06.127Z"}
{"level":"info","message":"cron starting","timestamp":"2026-02-23T11:28:11.156Z"}
{"level":"info","message":"cron added","timestamp":"2026-02-23T11:28:11.162Z"}
{"level":"info","message":"listening on port 8082","timestamp":"2026-02-23T11:28:11.164Z"}
{"level":"info","message":"Connected to Redis!","timestamp":"2026-02-23T11:28:11.177Z"}
{"level":"info","message":"Connected to MongoDB","timestamp":"2026-02-23T11:28:11.750Z"}
{"level":"info","message":"cron starting","timestamp":"2026-02-23T11:28:35.496Z"}
{"level":"info","message":"cron added","timestamp":"2026-02-23T11:28:35.502Z"}
{"level":"info","message":"listening on port 8082","timestamp":"2026-02-23T11:28:35.504Z"}
{"level":"info","message":"Connected to Redis!","timestamp":"2026-02-23T11:28:35.517Z"}
{"level":"info","message":"Connected to MongoDB","timestamp":"2026-02-23T11:28:36.096Z"}
{"level":"info","message":"cron starting","timestamp":"2026-02-23T11:28:39.281Z"}
{"level":"info","message":"cron added","timestamp":"2026-02-23T11:28:39.298Z"}
{"level":"info","message":"listening on port 8082","timestamp":"2026-02-23T11:28:39.301Z"}
{"level":"info","message":"Connected to Redis!","timestamp":"2026-02-23T11:28:39.316Z"}
{"level":"info","message":"Connected to MongoDB","timestamp":"2026-02-23T11:28:39.890Z"}
{"level":"info","message":"cron starting","timestamp":"2026-02-23T11:29:04.838Z"}
{"level":"info","message":"cron added","timestamp":"2026-02-23T11:29:04.848Z"}
{"level":"info","message":"listening on port 8082","timestamp":"2026-02-23T11:29:04.849Z"}
{"level":"info","message":"Connected to Redis!","timestamp":"2026-02-23T11:29:04.863Z"}
{"level":"info","message":"cron starting","timestamp":"2026-02-23T11:29:09.941Z"}
{"level":"info","message":"cron added","timestamp":"2026-02-23T11:29:09.947Z"}
{"level":"info","message":"listening on port 8082","timestamp":"2026-02-23T11:29:09.948Z"}
{"level":"info","message":"Connected to Redis!","timestamp":"2026-02-23T11:29:09.961Z"}
{"level":"info","message":"cron starting","timestamp":"2026-02-23T11:29:12.904Z"}
{"level":"info","message":"cron added","timestamp":"2026-02-23T11:29:12.910Z"}
{"level":"info","message":"listening on port 8082","timestamp":"2026-02-23T11:29:12.912Z"}
{"level":"info","message":"Connected to Redis!","timestamp":"2026-02-23T11:29:12.923Z"}
{"level":"info","message":"Connected to MongoDB","timestamp":"2026-02-23T11:29:13.506Z"}
{"level":"info","message":"cron starting","timestamp":"2026-02-23T11:29:37.965Z"}
{"level":"info","message":"cron added","timestamp":"2026-02-23T11:29:37.971Z"}
{"level":"info","message":"listening on port 8082","timestamp":"2026-02-23T11:29:37.973Z"}
{"level":"info","message":"Connected to Redis!","timestamp":"2026-02-23T11:29:37.985Z"}
{"level":"info","message":"cron starting","timestamp":"2026-02-23T11:29:42.852Z"}
{"level":"info","message":"cron added","timestamp":"2026-02-23T11:29:42.858Z"}
{"level":"info","message":"listening on port 8082","timestamp":"2026-02-23T11:29:42.860Z"}
{"level":"info","message":"Connected to Redis!","timestamp":"2026-02-23T11:29:42.874Z"}
{"level":"info","message":"Connected to MongoDB","timestamp":"2026-02-23T11:29:43.443Z"}
{"level":"info","message":"cron starting","timestamp":"2026-02-23T11:30:05.702Z"}
{"level":"info","message":"cron added","timestamp":"2026-02-23T11:30:05.709Z"}
{"level":"info","message":"listening on port 8082","timestamp":"2026-02-23T11:30:05.711Z"}
{"level":"info","message":"Connected to Redis!","timestamp":"2026-02-23T11:30:05.733Z"}
{"level":"info","message":"Connected to MongoDB","timestamp":"2026-02-23T11:30:06.397Z"}
{"level":"info","message":"cron starting","timestamp":"2026-02-23T11:30:11.645Z"}
{"level":"info","message":"cron added","timestamp":"2026-02-23T11:30:11.654Z"}
{"level":"info","message":"listening on port 8082","timestamp":"2026-02-23T11:30:11.656Z"}
{"level":"info","message":"Connected to Redis!","timestamp":"2026-02-23T11:30:11.670Z"}
{"level":"info","message":"cron starting","timestamp":"2026-02-23T11:30:23.730Z"}
{"level":"info","message":"cron added","timestamp":"2026-02-23T11:30:23.736Z"}
{"level":"info","message":"listening on port 8082","timestamp":"2026-02-23T11:30:23.738Z"}
{"level":"info","message":"Connected to Redis!","timestamp":"2026-02-23T11:30:23.755Z"}
{"level":"info","message":"Connected to MongoDB","timestamp":"2026-02-23T11:30:24.331Z"}
{"level":"info","message":"cron starting","timestamp":"2026-02-23T11:31:06.307Z"}
{"level":"info","message":"cron added","timestamp":"2026-02-23T11:31:06.313Z"}
{"level":"info","message":"listening on port 8082","timestamp":"2026-02-23T11:31:06.315Z"}
{"level":"info","message":"Connected to Redis!","timestamp":"2026-02-23T11:31:06.327Z"}
{"level":"info","message":"Connected to MongoDB","timestamp":"2026-02-23T11:31:06.902Z"}
{"level":"info","message":"cron starting","timestamp":"2026-02-23T11:31:15.150Z"}
{"level":"info","message":"cron added","timestamp":"2026-02-23T11:31:15.156Z"}
{"level":"info","message":"listening on port 8082","timestamp":"2026-02-23T11:31:15.158Z"}
{"level":"info","message":"Connected to Redis!","timestamp":"2026-02-23T11:31:15.170Z"}
{"level":"info","message":"cron starting","timestamp":"2026-02-23T11:31:54.393Z"}
{"level":"info","message":"cron added","timestamp":"2026-02-23T11:31:54.400Z"}
{"level":"info","message":"listening on port 8082","timestamp":"2026-02-23T11:31:54.402Z"}
{"level":"info","message":"Connected to Redis!","timestamp":"2026-02-23T11:31:54.415Z"}
{"level":"info","message":"cron starting","timestamp":"2026-02-23T11:32:11.674Z"}
{"level":"info","message":"cron added","timestamp":"2026-02-23T11:32:11.680Z"}
{"level":"info","message":"listening on port 8082","timestamp":"2026-02-23T11:32:11.682Z"}
{"level":"info","message":"Connected to Redis!","timestamp":"2026-02-23T11:32:11.694Z"}
{"level":"info","message":"cron starting","timestamp":"2026-02-23T11:32:19.284Z"}
{"level":"info","message":"cron added","timestamp":"2026-02-23T11:32:19.290Z"}
{"level":"info","message":"listening on port 8082","timestamp":"2026-02-23T11:32:19.292Z"}
{"level":"info","message":"Connected to Redis!","timestamp":"2026-02-23T11:32:19.309Z"}
{"level":"info","message":"Connected to MongoDB","timestamp":"2026-02-23T11:32:19.880Z"}
{"level":"info","message":"cron starting","timestamp":"2026-02-23T11:32:55.280Z"}
{"level":"info","message":"cron added","timestamp":"2026-02-23T11:32:55.286Z"}
{"level":"info","message":"listening on port 8082","timestamp":"2026-02-23T11:32:55.287Z"}
{"level":"info","message":"Connected to Redis!","timestamp":"2026-02-23T11:32:55.299Z"}
{"level":"info","message":"Connected to MongoDB","timestamp":"2026-02-23T11:32:55.859Z"}
{"level":"info","message":"cron starting","timestamp":"2026-02-23T11:33:00.846Z"}
{"level":"info","message":"cron added","timestamp":"2026-02-23T11:33:00.852Z"}
{"level":"info","message":"listening on port 8082","timestamp":"2026-02-23T11:33:00.854Z"}
{"level":"info","message":"Connected to MongoDB","timestamp":"2026-02-23T11:33:01.467Z"}
{"level":"info","message":"Connected to Redis!","timestamp":"2026-02-23T11:33:10.951Z"}
{"level":"info","message":"cron starting","timestamp":"2026-02-23T11:36:05.478Z"}
{"level":"info","message":"cron added","timestamp":"2026-02-23T11:36:05.484Z"}
{"level":"info","message":"listening on port 8082","timestamp":"2026-02-23T11:36:05.486Z"}
{"level":"info","message":"Connected to Redis!","timestamp":"2026-02-23T11:36:05.501Z"}
{"level":"info","message":"Connected to MongoDB","timestamp":"2026-02-23T11:36:06.059Z"}
{"level":"info","message":"cron starting","timestamp":"2026-02-23T11:36:10.984Z"}
{"level":"info","message":"cron added","timestamp":"2026-02-23T11:36:10.990Z"}
{"level":"info","message":"listening on port 8082","timestamp":"2026-02-23T11:36:10.992Z"}
{"level":"info","message":"Connected to Redis!","timestamp":"2026-02-23T11:36:11.004Z"}
{"level":"info","message":"cron starting","timestamp":"2026-02-23T11:36:18.349Z"}
{"level":"info","message":"cron added","timestamp":"2026-02-23T11:36:18.355Z"}
{"level":"info","message":"listening on port 8082","timestamp":"2026-02-23T11:36:18.357Z"}
{"level":"info","message":"Connected to Redis!","timestamp":"2026-02-23T11:36:18.368Z"}
{"level":"info","message":"Connected to MongoDB","timestamp":"2026-02-23T11:36:18.949Z"}
{"level":"info","message":"cron starting","timestamp":"2026-02-23T11:36:23.176Z"}
{"level":"info","message":"cron added","timestamp":"2026-02-23T11:36:23.182Z"}
{"level":"info","message":"listening on port 8082","timestamp":"2026-02-23T11:36:23.184Z"}
{"level":"info","message":"Connected to Redis!","timestamp":"2026-02-23T11:36:23.195Z"}
{"level":"info","message":"cron starting","timestamp":"2026-02-23T11:36:40.334Z"}
{"level":"info","message":"cron added","timestamp":"2026-02-23T11:36:40.341Z"}
{"level":"info","message":"listening on port 8082","timestamp":"2026-02-23T11:36:40.343Z"}
{"level":"info","message":"Connected to MongoDB","timestamp":"2026-02-23T11:36:40.927Z"}
{"level":"info","message":"cron starting","timestamp":"2026-02-23T11:36:51.758Z"}
{"level":"info","message":"cron added","timestamp":"2026-02-23T11:36:51.764Z"}
{"level":"info","message":"listening on port 8082","timestamp":"2026-02-23T11:36:51.765Z"}
{"level":"info","message":"Connected to Redis!","timestamp":"2026-02-23T11:37:11.974Z"}
{"level":"info","message":"cron starting","timestamp":"2026-02-23T11:37:19.330Z"}
{"level":"info","message":"cron added","timestamp":"2026-02-23T11:37:19.336Z"}
{"level":"info","message":"listening on port 8082","timestamp":"2026-02-23T11:37:19.338Z"}
{"level":"info","message":"Connected to Redis!","timestamp":"2026-02-23T11:37:19.351Z"}
{"level":"info","message":"cron starting","timestamp":"2026-02-23T11:37:22.255Z"}
{"level":"info","message":"cron added","timestamp":"2026-02-23T11:37:22.261Z"}
{"level":"info","message":"listening on port 8082","timestamp":"2026-02-23T11:37:22.262Z"}
{"level":"info","message":"Connected to MongoDB","timestamp":"2026-02-23T11:37:22.846Z"}
{"level":"info","message":"cron starting","timestamp":"2026-02-23T11:37:25.954Z"}
{"level":"info","message":"cron added","timestamp":"2026-02-23T11:37:25.960Z"}
{"level":"info","message":"listening on port 8082","timestamp":"2026-02-23T11:37:25.962Z"}
{"level":"info","message":"Connected to Redis!","timestamp":"2026-02-23T11:37:36.044Z"}
{"level":"info","message":"Connected to MongoDB","timestamp":"2026-02-23T11:37:48.343Z"}
{"level":"info","message":"cron starting","timestamp":"2026-02-23T11:38:01.004Z"}
{"level":"info","message":"cron added","timestamp":"2026-02-23T11:38:01.010Z"}
{"level":"info","message":"listening on port 8082","timestamp":"2026-02-23T11:38:01.012Z"}
{"level":"info","message":"Connected to Redis!","timestamp":"2026-02-23T11:38:01.024Z"}
{"level":"info","message":"Connected to MongoDB","timestamp":"2026-02-23T11:38:01.587Z"}
{"level":"info","message":"cron starting","timestamp":"2026-02-23T11:38:26.394Z"}
{"level":"info","message":"cron added","timestamp":"2026-02-23T11:38:26.400Z"}
{"level":"info","message":"listening on port 8082","timestamp":"2026-02-23T11:38:26.402Z"}
{"level":"info","message":"Connected to Redis!","timestamp":"2026-02-23T11:38:26.414Z"}
{"level":"info","message":"cron starting","timestamp":"2026-02-23T11:38:42.039Z"}
{"level":"info","message":"cron added","timestamp":"2026-02-23T11:38:42.049Z"}
{"level":"info","message":"listening on port 8082","timestamp":"2026-02-23T11:38:42.051Z"}
{"level":"info","message":"Connected to Redis!","timestamp":"2026-02-23T11:38:42.063Z"}
{"level":"info","message":"cron starting","timestamp":"2026-02-23T11:38:45.655Z"}
{"level":"info","message":"cron added","timestamp":"2026-02-23T11:38:45.669Z"}
{"level":"info","message":"listening on port 8082","timestamp":"2026-02-23T11:38:45.671Z"}
{"level":"info","message":"Connected to MongoDB","timestamp":"2026-02-23T11:38:46.254Z"}
{"level":"info","message":"cron starting","timestamp":"2026-02-23T11:38:49.546Z"}
{"level":"info","message":"cron added","timestamp":"2026-02-23T11:38:49.556Z"}
{"level":"info","message":"listening on port 8082","timestamp":"2026-02-23T11:38:49.558Z"}
{"level":"info","message":"Connected to Redis!","timestamp":"2026-02-23T11:38:49.570Z"}
{"level":"info","message":"Connected to MongoDB","timestamp":"2026-02-23T11:38:50.147Z"}
{"level":"info","message":"cron starting","timestamp":"2026-02-23T11:39:07.365Z"}
{"level":"info","message":"cron added","timestamp":"2026-02-23T11:39:07.371Z"}
{"level":"info","message":"listening on port 8082","timestamp":"2026-02-23T11:39:07.373Z"}
{"level":"info","message":"Connected to Redis!","timestamp":"2026-02-23T11:39:07.385Z"}
{"level":"info","message":"Connected to MongoDB","timestamp":"2026-02-23T11:39:07.972Z"}
{"level":"info","message":"cron starting","timestamp":"2026-02-23T11:39:50.404Z"}
{"level":"info","message":"cron added","timestamp":"2026-02-23T11:39:50.409Z"}
{"level":"info","message":"listening on port 8082","timestamp":"2026-02-23T11:39:50.411Z"}
{"level":"info","message":"Connected to Redis!","timestamp":"2026-02-23T11:39:50.427Z"}
{"level":"info","message":"cron starting","timestamp":"2026-02-23T11:40:01.972Z"}
{"level":"info","message":"cron added","timestamp":"2026-02-23T11:40:01.978Z"}
{"level":"info","message":"listening on port 8082","timestamp":"2026-02-23T11:40:01.980Z"}
{"level":"info","message":"Connected to Redis!","timestamp":"2026-02-23T11:40:01.992Z"}
{"level":"info","message":"Connected to MongoDB","timestamp":"2026-02-23T11:40:02.548Z"}
{"level":"info","message":"cron starting","timestamp":"2026-02-23T11:40:17.496Z"}
{"level":"info","message":"cron added","timestamp":"2026-02-23T11:40:17.502Z"}
{"level":"info","message":"listening on port 8082","timestamp":"2026-02-23T11:40:17.504Z"}
{"level":"info","message":"Connected to MongoDB","timestamp":"2026-02-23T11:40:18.097Z"}
{"level":"info","message":"Connected to Redis!","timestamp":"2026-02-23T11:40:27.597Z"}
{"level":"info","message":"cron starting","timestamp":"2026-02-23T11:40:42.808Z"}
{"level":"info","message":"cron added","timestamp":"2026-02-23T11:40:42.814Z"}
{"level":"info","message":"listening on port 8082","timestamp":"2026-02-23T11:40:42.816Z"}
{"level":"info","message":"Connected to Redis!","timestamp":"2026-02-23T11:40:42.828Z"}
{"level":"info","message":"Connected to MongoDB","timestamp":"2026-02-23T11:40:43.402Z"}
